[0609/140618.558:ERROR:process_info.cc(329)] VirtualQueryEx: 액세스가 거부되었습니다. (0x5)
[0609/140618.559:ERROR:process_info.cc(556)] ReadMemoryInfo failed
[0609/140618.559:ERROR:scoped_process_suspend.cc(40)] NtResumeProcess: 기존 프로세스에 액세스하려고 했습니다. (0xc000010a)
[0609/140709.979:ERROR:process_info.cc(329)] VirtualQueryEx: 액세스가 거부되었습니다. (0x5)
[0609/140709.979:ERROR:process_info.cc(556)] ReadMemoryInfo failed
[0609/140709.979:ERROR:scoped_process_suspend.cc(40)] NtResumeProcess: 기존 프로세스에 액세스하려고 했습니다. (0xc000010a)
[0610/101406.615:ERROR:process_info.cc(329)] VirtualQueryEx: 액세스가 거부되었습니다. (0x5)
[0610/101406.616:ERROR:process_info.cc(556)] ReadMemoryInfo failed
[0610/101406.616:ERROR:scoped_process_suspend.cc(40)] NtResumeProcess: 기존 프로세스에 액세스하려고 했습니다. (0xc000010a)
[0610/172042.822:ERROR:process_memory_win.cc(73)] ReadMemory at 0x7ffdc9b6c1c0 of 35 bytes failed: ReadProcessMemory 또는 WriteProcessMemory의 일부 작업만을 마쳤습니다. (0x12B)
[0610/172042.822:WARNING:pe_image_reader.cc(191)] could not read debug directory from C:\Windows\System32\bcrypt.dll
[0610/172042.822:ERROR:process_memory_win.cc(73)] ReadMemory at 0x7ffdc9b50000 of 64 bytes failed: ReadProcessMemory 또는 WriteProcessMemory의 일부 작업만을 마쳤습니다. (0x12B)
[0610/172042.822:WARNING:pe_image_reader.cc(340)] could not read dos header from C:\Windows\System32\bcrypt.dll
[0610/172042.822:ERROR:process_memory_win.cc(73)] ReadMemory at 0x7ffdc5350000 of 64 bytes failed: ReadProcessMemory 또는 WriteProcessMemory의 일부 작업만을 마쳤습니다. (0x12B)
[0610/172042.822:WARNING:pe_image_reader.cc(340)] could not read dos header from C:\Windows\SYSTEM32\dbghelp.dll
[0610/172042.822:ERROR:process_memory_win.cc(73)] ReadMemory at 0x7ffdc5350000 of 64 bytes failed: ReadProcessMemory 또는 WriteProcessMemory의 일부 작업만을 마쳤습니다. (0x12B)
[0610/172042.822:WARNING:pe_image_reader.cc(340)] could not read dos header from C:\Windows\SYSTEM32\dbghelp.dll
[0610/172042.822:ERROR:process_memory_win.cc(73)] ReadMemory at 0x7ffdb2370000 of 64 bytes failed: ReadProcessMemory 또는 WriteProcessMemory의 일부 작업만을 마쳤습니다. (0x12B)
[0610/172042.822:WARNING:pe_image_reader.cc(340)] could not read dos header from C:\Windows\SYSTEM32\WINHTTP.dll
[0610/172042.822:ERROR:process_memory_win.cc(73)] ReadMemory at 0x7ffdb2370000 of 64 bytes failed: ReadProcessMemory 또는 WriteProcessMemory의 일부 작업만을 마쳤습니다. (0x12B)
[0610/172042.822:WARNING:pe_image_reader.cc(340)] could not read dos header from C:\Windows\SYSTEM32\WINHTTP.dll
[0610/172042.822:ERROR:process_memory_win.cc(73)] ReadMemory at 0x7ffdbdae0000 of 64 bytes failed: ReadProcessMemory 또는 WriteProcessMemory의 일부 작업만을 마쳤습니다. (0x12B)
[0610/172042.822:WARNING:pe_image_reader.cc(340)] could not read dos header from C:\Windows\SYSTEM32\dhcpcsvc.DLL
[0610/172042.822:ERROR:process_memory_win.cc(73)] ReadMemory at 0x7ffdbdae0000 of 64 bytes failed: ReadProcessMemory 또는 WriteProcessMemory의 일부 작업만을 마쳤습니다. (0x12B)
[0610/172042.822:WARNING:pe_image_reader.cc(340)] could not read dos header from C:\Windows\SYSTEM32\dhcpcsvc.DLL
[0610/172042.822:ERROR:process_memory_win.cc(73)] ReadMemory at 0x7ffdcae50000 of 64 bytes failed: ReadProcessMemory 또는 WriteProcessMemory의 일부 작업만을 마쳤습니다. (0x12B)
[0610/172042.822:WARNING:pe_image_reader.cc(340)] could not read dos header from C:\Windows\System32\NSI.dll
[0610/172042.822:ERROR:process_memory_win.cc(73)] ReadMemory at 0x7ffdcae50000 of 64 bytes failed: ReadProcessMemory 또는 WriteProcessMemory의 일부 작업만을 마쳤습니다. (0x12B)
[0610/172042.822:WARNING:pe_image_reader.cc(340)] could not read dos header from C:\Windows\System32\NSI.dll
[0610/172042.822:ERROR:process_memory_win.cc(73)] ReadMemory at 0x7ffdc46d0000 of 64 bytes failed: ReadProcessMemory 또는 WriteProcessMemory의 일부 작업만을 마쳤습니다. (0x12B)
[0610/172042.822:WARNING:pe_image_reader.cc(340)] could not read dos header from C:\Windows\SYSTEM32\WINMMBASE.dll
[0610/172042.822:ERROR:process_memory_win.cc(73)] ReadMemory at 0x7ffdc46d0000 of 64 bytes failed: ReadProcessMemory 또는 WriteProcessMemory의 일부 작업만을 마쳤습니다. (0x12B)
[0610/172042.822:WARNING:pe_image_reader.cc(340)] could not read dos header from C:\Windows\SYSTEM32\WINMMBASE.dll
[0610/172042.822:ERROR:process_memory_win.cc(73)] ReadMemory at 0x7ffdc9b80000 of 64 bytes failed: ReadProcessMemory 또는 WriteProcessMemory의 일부 작업만을 마쳤습니다. (0x12B)
[0610/172042.823:WARNING:pe_image_reader.cc(340)] could not read dos header from C:\Windows\System32\cfgmgr32.dll
[0610/172042.823:ERROR:process_memory_win.cc(73)] ReadMemory at 0x7ffdc9b80000 of 64 bytes failed: ReadProcessMemory 또는 WriteProcessMemory의 일부 작업만을 마쳤습니다. (0x12B)
[0610/172042.823:WARNING:pe_image_reader.cc(340)] could not read dos header from C:\Windows\System32\cfgmgr32.dll
[0610/172042.823:ERROR:process_memory_win.cc(73)] ReadMemory at 0x7ffdc2f50000 of 64 bytes failed: ReadProcessMemory 또는 WriteProcessMemory의 일부 작업만을 마쳤습니다. (0x12B)
[0610/172042.823:WARNING:pe_image_reader.cc(340)] could not read dos header from C:\Windows\SYSTEM32\PROPSYS.dll
[0610/172042.823:ERROR:process_memory_win.cc(73)] ReadMemory at 0x7ffdc2f50000 of 64 bytes failed: ReadProcessMemory 또는 WriteProcessMemory의 일부 작업만을 마쳤습니다. (0x12B)
[0610/172042.823:WARNING:pe_image_reader.cc(340)] could not read dos header from C:\Windows\SYSTEM32\PROPSYS.dll
[0610/172042.823:ERROR:process_memory_win.cc(73)] ReadMemory at 0x7ffdcada0000 of 64 bytes failed: ReadProcessMemory 또는 WriteProcessMemory의 일부 작업만을 마쳤습니다. (0x12B)
[0610/172042.823:WARNING:pe_image_reader.cc(340)] could not read dos header from C:\Windows\System32\shcore.dll
[0610/172042.823:ERROR:process_memory_win.cc(73)] ReadMemory at 0x7ffdcada0000 of 64 bytes failed: ReadProcessMemory 또는 WriteProcessMemory의 일부 작업만을 마쳤습니다. (0x12B)
[0610/172042.823:WARNING:pe_image_reader.cc(340)] could not read dos header from C:\Windows\System32\shcore.dll
[0610/172042.823:ERROR:process_memory_win.cc(73)] ReadMemory at 0x7ffdc9970000 of 64 bytes failed: ReadProcessMemory 또는 WriteProcessMemory의 일부 작업만을 마쳤습니다. (0x12B)
[0610/172042.823:WARNING:pe_image_reader.cc(340)] could not read dos header from C:\Windows\SYSTEM32\SSPICLI.DLL
[0610/172042.823:ERROR:process_memory_win.cc(73)] ReadMemory at 0x7ffdc9970000 of 64 bytes failed: ReadProcessMemory 또는 WriteProcessMemory의 일부 작업만을 마쳤습니다. (0x12B)
[0610/172042.823:WARNING:pe_image_reader.cc(340)] could not read dos header from C:\Windows\SYSTEM32\SSPICLI.DLL
[0610/172042.823:ERROR:process_memory_win.cc(73)] ReadMemory at 0x7ffdc94c0000 of 64 bytes failed: ReadProcessMemory 또는 WriteProcessMemory의 일부 작업만을 마쳤습니다. (0x12B)
[0610/172042.823:WARNING:pe_image_reader.cc(340)] could not read dos header from C:\Windows\SYSTEM32\CRYPTBASE.DLL
[0610/172042.823:ERROR:process_memory_win.cc(73)] ReadMemory at 0x7ffdc94c0000 of 64 bytes failed: ReadProcessMemory 또는 WriteProcessMemory의 일부 작업만을 마쳤습니다. (0x12B)
[0610/172042.823:WARNING:pe_image_reader.cc(340)] could not read dos header from C:\Windows\SYSTEM32\CRYPTBASE.DLL
[0610/172042.823:ERROR:process_memory_win.cc(73)] ReadMemory at 0x7ffdccd25fe8 of 8 bytes failed: ReadProcessMemory 또는 WriteProcessMemory의 일부 작업만을 마쳤습니다. (0x12B)
[0610/172042.823:ERROR:process_snapshot_win.cc(311)] failed to read target address
[0610/172042.825:ERROR:process_memory_win.cc(73)] ReadMemory at 0x7ff6dfb40000 of 64 bytes failed: ReadProcessMemory 또는 WriteProcessMemory의 일부 작업만을 마쳤습니다. (0x12B)
[0610/172042.825:WARNING:pe_image_reader.cc(340)] could not read dos header from C:\Program Files (x86)\Google\Chrome\Application\chrome.exe
[0610/172042.825:ERROR:process_memory_win.cc(73)] ReadMemory at 0x7ffdccbc0000 of 64 bytes failed: ReadProcessMemory 또는 WriteProcessMemory의 일부 작업만을 마쳤습니다. (0x12B)
[0610/172042.825:WARNING:pe_image_reader.cc(340)] could not read dos header from C:\Windows\SYSTEM32\ntdll.dll
[0610/172042.825:ERROR:process_memory_win.cc(73)] ReadMemory at 0x7ffdcc070000 of 64 bytes failed: ReadProcessMemory 또는 WriteProcessMemory의 일부 작업만을 마쳤습니다. (0x12B)
[0610/172042.825:WARNING:pe_image_reader.cc(340)] could not read dos header from C:\Windows\System32\KERNEL32.DLL
[0610/172042.825:ERROR:process_memory_win.cc(73)] ReadMemory at 0x7ffdca500000 of 64 bytes failed: ReadProcessMemory 또는 WriteProcessMemory의 일부 작업만을 마쳤습니다. (0x12B)
[0610/172042.825:WARNING:pe_image_reader.cc(340)] could not read dos header from C:\Windows\System32\KERNELBASE.dll
[0610/172042.825:ERROR:process_memory_win.cc(73)] ReadMemory at 0x7ffd820d0000 of 64 bytes failed: ReadProcessMemory 또는 WriteProcessMemory의 일부 작업만을 마쳤습니다. (0x12B)
[0610/172042.825:WARNING:pe_image_reader.cc(340)] could not read dos header from C:\Program Files (x86)\Google\Chrome\Application\83.0.4103.97\chrome_elf.dll
[0610/172042.825:ERROR:process_memory_win.cc(73)] ReadMemory at 0x7ffdbed40000 of 64 bytes failed: ReadProcessMemory 또는 WriteProcessMemory의 일부 작업만을 마쳤습니다. (0x12B)
[0610/172042.825:WARNING:pe_image_reader.cc(340)] could not read dos header from C:\Windows\SYSTEM32\VERSION.dll
[0610/172042.826:ERROR:process_memory_win.cc(73)] ReadMemory at 0x7ffdcbc30000 of 64 bytes failed: ReadProcessMemory 또는 WriteProcessMemory의 일부 작업만을 마쳤습니다. (0x12B)
[0610/172042.826:WARNING:pe_image_reader.cc(340)] could not read dos header from C:\Windows\System32\msvcrt.dll
[0610/172042.826:ERROR:process_memory_win.cc(73)] ReadMemory at 0x7ffdc9cd0000 of 64 bytes failed: ReadProcessMemory 또는 WriteProcessMemory의 일부 작업만을 마쳤습니다. (0x12B)
[0610/172042.826:WARNING:pe_image_reader.cc(340)] could not read dos header from C:\Windows\System32\bcryptPrimitives.dll
[0610/172042.826:ERROR:process_memory_win.cc(73)] ReadMemory at 0x7ffdcc1a0000 of 64 bytes failed: ReadProcessMemory 또는 WriteProcessMemory의 일부 작업만을 마쳤습니다. (0x12B)
[0610/172042.826:WARNING:pe_image_reader.cc(340)] could not read dos header from C:\Windows\System32\ADVAPI32.dll
[0610/172042.826:ERROR:process_memory_win.cc(73)] ReadMemory at 0x7ffdccae0000 of 64 bytes failed: ReadProcessMemory 또는 WriteProcessMemory의 일부 작업만을 마쳤습니다. (0x12B)
[0610/172042.826:WARNING:pe_image_reader.cc(340)] could not read dos header from C:\Windows\System32\sechost.dll
[0610/172042.826:ERROR:process_memory_win.cc(73)] ReadMemory at 0x7ffdcb810000 of 64 bytes failed: ReadProcessMemory 또는 WriteProcessMemory의 일부 작업만을 마쳤습니다. (0x12B)
[0610/172042.826:WARNING:pe_image_reader.cc(340)] could not read dos header from C:\Windows\System32\RPCRT4.dll
[0610/172042.826:ERROR:process_memory_win.cc(73)] ReadMemory at 0x7ffd455b0000 of 64 bytes failed: ReadProcessMemory 또는 WriteProcessMemory의 일부 작업만을 마쳤습니다. (0x12B)
[0610/172042.826:WARNING:pe_image_reader.cc(340)] could not read dos header from C:\Program Files (x86)\Google\Chrome\Application\83.0.4103.97\chrome.dll
[0610/172042.826:ERROR:process_memory_win.cc(73)] ReadMemory at 0x7ffdcbea0000 of 64 bytes failed: ReadProcessMemory 또는 WriteProcessMemory의 일부 작업만을 마쳤습니다. (0x12B)
[0610/172042.826:WARNING:pe_image_reader.cc(340)] could not read dos header from C:\Windows\System32\WS2_32.dll
[0610/172042.826:ERROR:process_memory_win.cc(73)] ReadMemory at 0x7ffdcbd30000 of 64 bytes failed: ReadProcessMemory 또는 WriteProcessMemory의 일부 작업만을 마쳤습니다. (0x12B)
[0610/172042.826:WARNING:pe_image_reader.cc(340)] could not read dos header from C:\Windows\System32\OLEAUT32.dll
[0610/172042.826:ERROR:process_memory_win.cc(73)] ReadMemory at 0x7ffdca9d0000 of 64 bytes failed: ReadProcessMemory 또는 WriteProcessMemory의 일부 작업만을 마쳤습니다. (0x12B)
[0610/172042.826:WARNING:pe_image_reader.cc(340)] could not read dos header from C:\Windows\System32\msvcp_win.dll
[0610/172042.826:ERROR:process_memory_win.cc(73)] ReadMemory at 0x7ffdc9bd0000 of 64 bytes failed: ReadProcessMemory 또는 WriteProcessMemory의 일부 작업만을 마쳤습니다. (0x12B)
[0610/172042.826:WARNING:pe_image_reader.cc(340)] could not read dos header from C:\Windows\System32\ucrtbase.dll
[0610/172042.826:ERROR:process_memory_win.cc(73)] ReadMemory at 0x7ffdcb2d0000 of 64 bytes failed: ReadProcessMemory 또는 WriteProcessMemory의 일부 작업만을 마쳤습니다. (0x12B)
[0610/172042.826:WARNING:pe_image_reader.cc(340)] could not read dos header from C:\Windows\System32\combase.dll
[0610/172042.826:ERROR:process_memory_win.cc(73)] ReadMemory at 0x7ffdcaa70000 of 64 bytes failed: ReadProcessMemory 또는 WriteProcessMemory의 일부 작업만을 마쳤습니다. (0x12B)
[0610/172042.826:WARNING:pe_image_reader.cc(340)] could not read dos header from C:\Windows\System32\WINTRUST.dll
[0610/172042.826:ERROR:process_memory_win.cc(73)] ReadMemory at 0x7ffdc9ab0000 of 64 bytes failed: ReadProcessMemory 또는 WriteProcessMemory의 일부 작업만을 마쳤습니다. (0x12B)
[0610/172042.826:WARNING:pe_image_reader.cc(340)] could not read dos header from C:\Windows\System32\MSASN1.dll
[0610/172042.826:ERROR:process_memory_win.cc(73)] ReadMemory at 0x7ffdca7b0000 of 64 bytes failed: ReadProcessMemory 또는 WriteProcessMemory의 일부 작업만을 마쳤습니다. (0x12B)
[0610/172042.826:WARNING:pe_image_reader.cc(340)] could not read dos header from C:\Windows\System32\CRYPT32.dll
[0610/172042.826:ERROR:process_memory_win.cc(73)] ReadMemory at 0x7ffdc9000000 of 64 bytes failed: ReadProcessMemory 또는 WriteProcessMemory의 일부 작업만을 마쳤습니다. (0x12B)
[0610/172042.826:WARNING:pe_image_reader.cc(340)] could not read dos header from C:\Windows\SYSTEM32\IPHLPAPI.DLL
[0610/172042.826:ERROR:process_memory_win.cc(73)] ReadMemory at 0x7ffdc4700000 of 64 bytes failed: ReadProcessMemory 또는 WriteProcessMemory의 일부 작업만을 마쳤습니다. (0x12B)
[0610/172042.826:WARNING:pe_image_reader.cc(340)] could not read dos header from C:\Windows\SYSTEM32\WINMM.dll
[0610/172042.826:ERROR:process_memory_win.cc(73)] ReadMemory at 0x7ffdae240000 of 64 bytes failed: ReadProcessMemory 또는 WriteProcessMemory의 일부 작업만을 마쳤습니다. (0x12B)
[0610/172042.826:WARNING:pe_image_reader.cc(340)] could not read dos header from C:\Windows\SYSTEM32\Secur32.dll
[0610/172042.826:ERROR:process_memory_win.cc(73)] ReadMemory at 0x7ffdc99a0000 of 64 bytes failed: ReadProcessMemory 또는 WriteProcessMemory의 일부 작업만을 마쳤습니다. (0x12B)
[0610/172042.826:WARNING:pe_image_reader.cc(340)] could not read dos header from C:\Windows\SYSTEM32\USERENV.dll
[0610/172042.826:ERROR:process_memory_win.cc(73)] ReadMemory at 0x7ffdc9b20000 of 64 bytes failed: ReadProcessMemory 또는 WriteProcessMemory의 일부 작업만을 마쳤습니다. (0x12B)
[0610/172042.826:WARNING:pe_image_reader.cc(340)] could not read dos header from C:\Windows\System32\profapi.dll
[0610/172042.826:ERROR:process_memory_win.cc(73)] ReadMemory at 0x7ffd8ed10000 of 64 bytes failed: ReadProcessMemory 또는 WriteProcessMemory의 일부 작업만을 마쳤습니다. (0x12B)
[0610/172042.827:WARNING:pe_image_reader.cc(340)] could not read dos header from C:\Windows\SYSTEM32\UIAutomationCore.DLL
[0610/172042.827:ERROR:process_memory_win.cc(73)] ReadMemory at 0x7ffda2990000 of 64 bytes failed: ReadProcessMemory 또는 WriteProcessMemory의 일부 작업만을 마쳤습니다. (0x12B)
[0610/172042.827:WARNING:pe_image_reader.cc(340)] could not read dos header from C:\Windows\SYSTEM32\DWrite.dll
[0610/172042.827:ERROR:process_memory_win.cc(73)] ReadMemory at 0x7ffdb1360000 of 64 bytes failed: ReadProcessMemory 또는 WriteProcessMemory의 일부 작업만을 마쳤습니다. (0x12B)
[0610/172042.827:WARNING:pe_image_reader.cc(340)] could not read dos header from C:\Windows\SYSTEM32\WINSPOOL.DRV
[0610/172042.827:ERROR:process_memory_win.cc(73)] ReadMemory at 0x7ffdc9a90000 of 64 bytes failed: ReadProcessMemory 또는 WriteProcessMemory의 일부 작업만을 마쳤습니다. (0x12B)
[0610/172042.827:WARNING:pe_image_reader.cc(340)] could not read dos header from C:\Windows\System32\kernel.appcore.dll
[0610/172042.827:ERROR:process_memory_win.cc(73)] ReadMemory at 0x7ffdc9b50000 of 64 bytes failed: ReadProcessMemory 또는 WriteProcessMemory의 일부 작업만을 마쳤습니다. (0x12B)
[0610/172042.827:WARNING:pe_image_reader.cc(340)] could not read dos header from C:\Windows\System32\bcrypt.dll
[0610/172042.827:ERROR:process_memory_win.cc(73)] ReadMemory at 0x7ffdc5350000 of 64 bytes failed: ReadProcessMemory 또는 WriteProcessMemory의 일부 작업만을 마쳤습니다. (0x12B)
[0610/172042.827:WARNING:pe_image_reader.cc(340)] could not read dos header from C:\Windows\SYSTEM32\dbghelp.dll
[0610/172042.827:ERROR:process_memory_win.cc(73)] ReadMemory at 0x7ffdb2370000 of 64 bytes failed: ReadProcessMemory 또는 WriteProcessMemory의 일부 작업만을 마쳤습니다. (0x12B)
[0610/172042.827:WARNING:pe_image_reader.cc(340)] could not read dos header from C:\Windows\SYSTEM32\WINHTTP.dll
[0610/172042.827:ERROR:process_memory_win.cc(73)] ReadMemory at 0x7ffdbdae0000 of 64 bytes failed: ReadProcessMemory 또는 WriteProcessMemory의 일부 작업만을 마쳤습니다. (0x12B)
[0610/172042.827:WARNING:pe_image_reader.cc(340)] could not read dos header from C:\Windows\SYSTEM32\dhcpcsvc.DLL
[0610/172042.827:ERROR:process_memory_win.cc(73)] ReadMemory at 0x7ffdcae50000 of 64 bytes failed: ReadProcessMemory 또는 WriteProcessMemory의 일부 작업만을 마쳤습니다. (0x12B)
[0610/172042.827:WARNING:pe_image_reader.cc(340)] could not read dos header from C:\Windows\System32\NSI.dll
[0610/172042.827:ERROR:process_memory_win.cc(73)] ReadMemory at 0x7ffdc46d0000 of 64 bytes failed: ReadProcessMemory 또는 WriteProcessMemory의 일부 작업만을 마쳤습니다. (0x12B)
[0610/172042.827:WARNING:pe_image_reader.cc(340)] could not read dos header from C:\Windows\SYSTEM32\WINMMBASE.dll
[0610/172042.827:ERROR:process_memory_win.cc(73)] ReadMemory at 0x7ffdc9b80000 of 64 bytes failed: ReadProcessMemory 또는 WriteProcessMemory의 일부 작업만을 마쳤습니다. (0x12B)
[0610/172042.827:WARNING:pe_image_reader.cc(340)] could not read dos header from C:\Windows\System32\cfgmgr32.dll
[0610/172042.827:ERROR:process_memory_win.cc(73)] ReadMemory at 0x7ffdc2f50000 of 64 bytes failed: ReadProcessMemory 또는 WriteProcessMemory의 일부 작업만을 마쳤습니다. (0x12B)
[0610/172042.827:WARNING:pe_image_reader.cc(340)] could not read dos header from C:\Windows\SYSTEM32\PROPSYS.dll
[0610/172042.827:ERROR:process_memory_win.cc(73)] ReadMemory at 0x7ffdcada0000 of 64 bytes failed: ReadProcessMemory 또는 WriteProcessMemory의 일부 작업만을 마쳤습니다. (0x12B)
[0610/172042.827:WARNING:pe_image_reader.cc(340)] could not read dos header from C:\Windows\System32\shcore.dll
[0610/172042.827:ERROR:process_memory_win.cc(73)] ReadMemory at 0x7ffdc9970000 of 64 bytes failed: ReadProcessMemory 또는 WriteProcessMemory의 일부 작업만을 마쳤습니다. (0x12B)
[0610/172042.827:WARNING:pe_image_reader.cc(340)] could not read dos header from C:\Windows\SYSTEM32\SSPICLI.DLL
[0610/172042.827:ERROR:process_memory_win.cc(73)] ReadMemory at 0x7ffdc94c0000 of 64 bytes failed: ReadProcessMemory 또는 WriteProcessMemory의 일부 작업만을 마쳤습니다. (0x12B)
[0610/172042.827:WARNING:pe_image_reader.cc(340)] could not read dos header from C:\Windows\SYSTEM32\CRYPTBASE.DLL
[0610/172042.827:ERROR:process_memory_win.cc(73)] ReadMemory at 0x7ff6dfb40000 of 64 bytes failed: ReadProcessMemory 또는 WriteProcessMemory의 일부 작업만을 마쳤습니다. (0x12B)
[0610/172042.827:WARNING:pe_image_reader.cc(340)] could not read dos header from C:\Program Files (x86)\Google\Chrome\Application\chrome.exe
[0610/172042.827:ERROR:process_memory_win.cc(73)] ReadMemory at 0x7ff6dfb40000 of 64 bytes failed: ReadProcessMemory 또는 WriteProcessMemory의 일부 작업만을 마쳤습니다. (0x12B)
[0610/172042.827:WARNING:pe_image_reader.cc(340)] could not read dos header from C:\Program Files (x86)\Google\Chrome\Application\chrome.exe
[0610/172042.827:ERROR:process_memory_win.cc(73)] ReadMemory at 0x7ffdccbc0000 of 64 bytes failed: ReadProcessMemory 또는 WriteProcessMemory의 일부 작업만을 마쳤습니다. (0x12B)
[0610/172042.827:WARNING:pe_image_reader.cc(340)] could not read dos header from C:\Windows\SYSTEM32\ntdll.dll
[0610/172042.827:ERROR:process_memory_win.cc(73)] ReadMemory at 0x7ffdccbc0000 of 64 bytes failed: ReadProcessMemory 또는 WriteProcessMemory의 일부 작업만을 마쳤습니다. (0x12B)
[0610/172042.827:WARNING:pe_image_reader.cc(340)] could not read dos header from C:\Windows\SYSTEM32\ntdll.dll
[0610/172042.827:ERROR:process_memory_win.cc(73)] ReadMemory at 0x7ffdcc070000 of 64 bytes failed: ReadProcessMemory 또는 WriteProcessMemory의 일부 작업만을 마쳤습니다. (0x12B)
[0610/172042.827:WARNING:pe_image_reader.cc(340)] could not read dos header from C:\Windows\System32\KERNEL32.DLL
[0610/172042.827:ERROR:process_memory_win.cc(73)] ReadMemory at 0x7ffdcc070000 of 64 bytes failed: ReadProcessMemory 또는 WriteProcessMemory의 일부 작업만을 마쳤습니다. (0x12B)
[0610/172042.827:WARNING:pe_image_reader.cc(340)] could not read dos header from C:\Windows\System32\KERNEL32.DLL
[0610/172042.827:ERROR:process_memory_win.cc(73)] ReadMemory at 0x7ffdca500000 of 64 bytes failed: ReadProcessMemory 또는 WriteProcessMemory의 일부 작업만을 마쳤습니다. (0x12B)
[0610/172042.828:WARNING:pe_image_reader.cc(340)] could not read dos header from C:\Windows\System32\KERNELBASE.dll
[0610/172042.828:ERROR:process_memory_win.cc(73)] ReadMemory at 0x7ffdca500000 of 64 bytes failed: ReadProcessMemory 또는 WriteProcessMemory의 일부 작업만을 마쳤습니다. (0x12B)
[0610/172042.828:WARNING:pe_image_reader.cc(340)] could not read dos header from C:\Windows\System32\KERNELBASE.dll
[0610/172042.828:ERROR:process_memory_win.cc(73)] ReadMemory at 0x7ffd820d0000 of 64 bytes failed: ReadProcessMemory 또는 WriteProcessMemory의 일부 작업만을 마쳤습니다. (0x12B)
[0610/172042.828:WARNING:pe_image_reader.cc(340)] could not read dos header from C:\Program Files (x86)\Google\Chrome\Application\83.0.4103.97\chrome_elf.dll
[0610/172042.828:ERROR:process_memory_win.cc(73)] ReadMemory at 0x7ffd820d0000 of 64 bytes failed: ReadProcessMemory 또는 WriteProcessMemory의 일부 작업만을 마쳤습니다. (0x12B)
[0610/172042.828:WARNING:pe_image_reader.cc(340)] could not read dos header from C:\Program Files (x86)\Google\Chrome\Application\83.0.4103.97\chrome_elf.dll
[0610/172042.828:ERROR:process_memory_win.cc(73)] ReadMemory at 0x7ffdbed40000 of 64 bytes failed: ReadProcessMemory 또는 WriteProcessMemory의 일부 작업만을 마쳤습니다. (0x12B)
[0610/172042.828:WARNING:pe_image_reader.cc(340)] could not read dos header from C:\Windows\SYSTEM32\VERSION.dll
[0610/172042.828:ERROR:process_memory_win.cc(73)] ReadMemory at 0x7ffdbed40000 of 64 bytes failed: ReadProcessMemory 또는 WriteProcessMemory의 일부 작업만을 마쳤습니다. (0x12B)
[0610/172042.828:WARNING:pe_image_reader.cc(340)] could not read dos header from C:\Windows\SYSTEM32\VERSION.dll
[0610/172042.828:ERROR:process_memory_win.cc(73)] ReadMemory at 0x7ffdcbc30000 of 64 bytes failed: ReadProcessMemory 또는 WriteProcessMemory의 일부 작업만을 마쳤습니다. (0x12B)
[0610/172042.828:WARNING:pe_image_reader.cc(340)] could not read dos header from C:\Windows\System32\msvcrt.dll
[0610/172042.828:ERROR:process_memory_win.cc(73)] ReadMemory at 0x7ffdcbc30000 of 64 bytes failed: ReadProcessMemory 또는 WriteProcessMemory의 일부 작업만을 마쳤습니다. (0x12B)
[0610/172042.828:WARNING:pe_image_reader.cc(340)] could not read dos header from C:\Windows\System32\msvcrt.dll
[0610/172042.828:ERROR:process_memory_win.cc(73)] ReadMemory at 0x7ffdc9cd0000 of 64 bytes failed: ReadProcessMemory 또는 WriteProcessMemory의 일부 작업만을 마쳤습니다. (0x12B)
[0610/172042.828:WARNING:pe_image_reader.cc(340)] could not read dos header from C:\Windows\System32\bcryptPrimitives.dll
[0610/172042.828:ERROR:process_memory_win.cc(73)] ReadMemory at 0x7ffdc9cd0000 of 64 bytes failed: ReadProcessMemory 또는 WriteProcessMemory의 일부 작업만을 마쳤습니다. (0x12B)
[0610/172042.828:WARNING:pe_image_reader.cc(340)] could not read dos header from C:\Windows\System32\bcryptPrimitives.dll
[0610/172042.828:ERROR:process_memory_win.cc(73)] ReadMemory at 0x7ffdcc1a0000 of 64 bytes failed: ReadProcessMemory 또는 WriteProcessMemory의 일부 작업만을 마쳤습니다. (0x12B)
[0610/172042.828:WARNING:pe_image_reader.cc(340)] could not read dos header from C:\Windows\System32\ADVAPI32.dll
[0610/172042.828:ERROR:process_memory_win.cc(73)] ReadMemory at 0x7ffdcc1a0000 of 64 bytes failed: ReadProcessMemory 또는 WriteProcessMemory의 일부 작업만을 마쳤습니다. (0x12B)
[0610/172042.828:WARNING:pe_image_reader.cc(340)] could not read dos header from C:\Windows\System32\ADVAPI32.dll
[0610/172042.828:ERROR:process_memory_win.cc(73)] ReadMemory at 0x7ffdccae0000 of 64 bytes failed: ReadProcessMemory 또는 WriteProcessMemory의 일부 작업만을 마쳤습니다. (0x12B)
[0610/172042.828:WARNING:pe_image_reader.cc(340)] could not read dos header from C:\Windows\System32\sechost.dll
[0610/172042.828:ERROR:process_memory_win.cc(73)] ReadMemory at 0x7ffdccae0000 of 64 bytes failed: ReadProcessMemory 또는 WriteProcessMemory의 일부 작업만을 마쳤습니다. (0x12B)
[0610/172042.828:WARNING:pe_image_reader.cc(340)] could not read dos header from C:\Windows\System32\sechost.dll
[0610/172042.828:ERROR:process_memory_win.cc(73)] ReadMemory at 0x7ffdcb810000 of 64 bytes failed: ReadProcessMemory 또는 WriteProcessMemory의 일부 작업만을 마쳤습니다. (0x12B)
[0610/172042.828:WARNING:pe_image_reader.cc(340)] could not read dos header from C:\Windows\System32\RPCRT4.dll
[0610/172042.828:ERROR:process_memory_win.cc(73)] ReadMemory at 0x7ffdcb810000 of 64 bytes failed: ReadProcessMemory 또는 WriteProcessMemory의 일부 작업만을 마쳤습니다. (0x12B)
[0610/172042.828:WARNING:pe_image_reader.cc(340)] could not read dos header from C:\Windows\System32\RPCRT4.dll
[0610/172042.828:ERROR:process_memory_win.cc(73)] ReadMemory at 0x7ffd455b0000 of 64 bytes failed: ReadProcessMemory 또는 WriteProcessMemory의 일부 작업만을 마쳤습니다. (0x12B)
[0610/172042.828:WARNING:pe_image_reader.cc(340)] could not read dos header from C:\Program Files (x86)\Google\Chrome\Application\83.0.4103.97\chrome.dll
[0610/172042.828:ERROR:process_memory_win.cc(73)] ReadMemory at 0x7ffd455b0000 of 64 bytes failed: ReadProcessMemory 또는 WriteProcessMemory의 일부 작업만을 마쳤습니다. (0x12B)
[0610/172042.828:WARNING:pe_image_reader.cc(340)] could not read dos header from C:\Program Files (x86)\Google\Chrome\Application\83.0.4103.97\chrome.dll
[0610/172042.828:ERROR:process_memory_win.cc(73)] ReadMemory at 0x7ffdcbea0000 of 64 bytes failed: ReadProcessMemory 또는 WriteProcessMemory의 일부 작업만을 마쳤습니다. (0x12B)
[0610/172042.828:WARNING:pe_image_reader.cc(340)] could not read dos header from C:\Windows\System32\WS2_32.dll
[0610/172042.828:ERROR:process_memory_win.cc(73)] ReadMemory at 0x7ffdcbea0000 of 64 bytes failed: ReadProcessMemory 또는 WriteProcessMemory의 일부 작업만을 마쳤습니다. (0x12B)
[0610/172042.828:WARNING:pe_image_reader.cc(340)] could not read dos header from C:\Windows\System32\WS2_32.dll
[0610/172042.828:ERROR:process_memory_win.cc(73)] ReadMemory at 0x7ffdcbd30000 of 64 bytes failed: ReadProcessMemory 또는 WriteProcessMemory의 일부 작업만을 마쳤습니다. (0x12B)
[0610/172042.828:WARNING:pe_image_reader.cc(340)] could not read dos header from C:\Windows\System32\OLEAUT32.dll
[0610/172042.829:ERROR:process_memory_win.cc(73)] ReadMemory at 0x7ffdcbd30000 of 64 bytes failed: ReadProcessMemory 또는 WriteProcessMemory의 일부 작업만을 마쳤습니다. (0x12B)
[0610/172042.829:WARNING:pe_image_reader.cc(340)] could not read dos header from C:\Windows\System32\OLEAUT32.dll
[0610/172042.829:ERROR:process_memory_win.cc(73)] ReadMemory at 0x7ffdca9d0000 of 64 bytes failed: ReadProcessMemory 또는 WriteProcessMemory의 일부 작업만을 마쳤습니다. (0x12B)
[0610/172042.829:WARNING:pe_image_reader.cc(340)] could not read dos header from C:\Windows\System32\msvcp_win.dll
[0610/172042.829:ERROR:process_memory_win.cc(73)] ReadMemory at 0x7ffdca9d0000 of 64 bytes failed: ReadProcessMemory 또는 WriteProcessMemory의 일부 작업만을 마쳤습니다. (0x12B)
[0610/172042.829:WARNING:pe_image_reader.cc(340)] could not read dos header from C:\Windows\System32\msvcp_win.dll
[0610/172042.829:ERROR:process_memory_win.cc(73)] ReadMemory at 0x7ffdc9bd0000 of 64 bytes failed: ReadProcessMemory 또는 WriteProcessMemory의 일부 작업만을 마쳤습니다. (0x12B)
[0610/172042.829:WARNING:pe_image_reader.cc(340)] could not read dos header from C:\Windows\System32\ucrtbase.dll
[0610/172042.829:ERROR:process_memory_win.cc(73)] ReadMemory at 0x7ffdc9bd0000 of 64 bytes failed: ReadProcessMemory 또는 WriteProcessMemory의 일부 작업만을 마쳤습니다. (0x12B)
[0610/172042.829:WARNING:pe_image_reader.cc(340)] could not read dos header from C:\Windows\System32\ucrtbase.dll
[0610/172042.829:ERROR:process_memory_win.cc(73)] ReadMemory at 0x7ffdcb2d0000 of 64 bytes failed: ReadProcessMemory 또는 WriteProcessMemory의 일부 작업만을 마쳤습니다. (0x12B)
[0610/172042.829:WARNING:pe_image_reader.cc(340)] could not read dos header from C:\Windows\System32\combase.dll
[0610/172042.829:ERROR:process_memory_win.cc(73)] ReadMemory at 0x7ffdcb2d0000 of 64 bytes failed: ReadProcessMemory 또는 WriteProcessMemory의 일부 작업만을 마쳤습니다. (0x12B)
[0610/172042.829:WARNING:pe_image_reader.cc(340)] could not read dos header from C:\Windows\System32\combase.dll
[0610/172042.829:ERROR:process_memory_win.cc(73)] ReadMemory at 0x7ffdcaa70000 of 64 bytes failed: ReadProcessMemory 또는 WriteProcessMemory의 일부 작업만을 마쳤습니다. (0x12B)
[0610/172042.829:WARNING:pe_image_reader.cc(340)] could not read dos header from C:\Windows\System32\WINTRUST.dll
[0610/172042.829:ERROR:process_memory_win.cc(73)] ReadMemory at 0x7ffdcaa70000 of 64 bytes failed: ReadProcessMemory 또는 WriteProcessMemory의 일부 작업만을 마쳤습니다. (0x12B)
[0610/172042.829:WARNING:pe_image_reader.cc(340)] could not read dos header from C:\Windows\System32\WINTRUST.dll
[0610/172042.829:ERROR:process_memory_win.cc(73)] ReadMemory at 0x7ffdc9ab0000 of 64 bytes failed: ReadProcessMemory 또는 WriteProcessMemory의 일부 작업만을 마쳤습니다. (0x12B)
[0610/172042.829:WARNING:pe_image_reader.cc(340)] could not read dos header from C:\Windows\System32\MSASN1.dll
[0610/172042.829:ERROR:process_memory_win.cc(73)] ReadMemory at 0x7ffdc9ab0000 of 64 bytes failed: ReadProcessMemory 또는 WriteProcessMemory의 일부 작업만을 마쳤습니다. (0x12B)
[0610/172042.829:WARNING:pe_image_reader.cc(340)] could not read dos header from C:\Windows\System32\MSASN1.dll
[0610/172042.829:ERROR:process_memory_win.cc(73)] ReadMemory at 0x7ffdca7b0000 of 64 bytes failed: ReadProcessMemory 또는 WriteProcessMemory의 일부 작업만을 마쳤습니다. (0x12B)
[0610/172042.829:WARNING:pe_image_reader.cc(340)] could not read dos header from C:\Windows\System32\CRYPT32.dll
[0610/172042.829:ERROR:process_memory_win.cc(73)] ReadMemory at 0x7ffdca7b0000 of 64 bytes failed: ReadProcessMemory 또는 WriteProcessMemory의 일부 작업만을 마쳤습니다. (0x12B)
[0610/172042.829:WARNING:pe_image_reader.cc(340)] could not read dos header from C:\Windows\System32\CRYPT32.dll
[0610/172042.829:ERROR:process_memory_win.cc(73)] ReadMemory at 0x7ffdc9000000 of 64 bytes failed: ReadProcessMemory 또는 WriteProcessMemory의 일부 작업만을 마쳤습니다. (0x12B)
[0610/172042.829:WARNING:pe_image_reader.cc(340)] could not read dos header from C:\Windows\SYSTEM32\IPHLPAPI.DLL
[0610/172042.829:ERROR:process_memory_win.cc(73)] ReadMemory at 0x7ffdc9000000 of 64 bytes failed: ReadProcessMemory 또는 WriteProcessMemory의 일부 작업만을 마쳤습니다. (0x12B)
[0610/172042.829:WARNING:pe_image_reader.cc(340)] could not read dos header from C:\Windows\SYSTEM32\IPHLPAPI.DLL
[0610/172042.829:ERROR:process_memory_win.cc(73)] ReadMemory at 0x7ffdc4700000 of 64 bytes failed: ReadProcessMemory 또는 WriteProcessMemory의 일부 작업만을 마쳤습니다. (0x12B)
[0610/172042.830:WARNING:pe_image_reader.cc(340)] could not read dos header from C:\Windows\SYSTEM32\WINMM.dll
[0610/172042.830:ERROR:process_memory_win.cc(73)] ReadMemory at 0x7ffdc4700000 of 64 bytes failed: ReadProcessMemory 또는 WriteProcessMemory의 일부 작업만을 마쳤습니다. (0x12B)
[0610/172042.830:WARNING:pe_image_reader.cc(340)] could not read dos header from C:\Windows\SYSTEM32\WINMM.dll
[0610/172042.830:ERROR:process_memory_win.cc(73)] ReadMemory at 0x7ffdae240000 of 64 bytes failed: ReadProcessMemory 또는 WriteProcessMemory의 일부 작업만을 마쳤습니다. (0x12B)
[0610/172042.830:WARNING:pe_image_reader.cc(340)] could not read dos header from C:\Windows\SYSTEM32\Secur32.dll
[0610/172042.830:ERROR:process_memory_win.cc(73)] ReadMemory at 0x7ffdae240000 of 64 bytes failed: ReadProcessMemory 또는 WriteProcessMemory의 일부 작업만을 마쳤습니다. (0x12B)
[0610/172042.830:WARNING:pe_image_reader.cc(340)] could not read dos header from C:\Windows\SYSTEM32\Secur32.dll
[0610/172042.830:ERROR:process_memory_win.cc(73)] ReadMemory at 0x7ffdc99a0000 of 64 bytes failed: ReadProcessMemory 또는 WriteProcessMemory의 일부 작업만을 마쳤습니다. (0x12B)
[0610/172042.830:WARNING:pe_image_reader.cc(340)] could not read dos header from C:\Windows\SYSTEM32\USERENV.dll
[0610/172042.830:ERROR:process_memory_win.cc(73)] ReadMemory at 0x7ffdc99a0000 of 64 bytes failed: ReadProcessMemory 또는 WriteProcessMemory의 일부 작업만을 마쳤습니다. (0x12B)
[0610/172042.830:WARNING:pe_image_reader.cc(340)] could not read dos header from C:\Windows\SYSTEM32\USERENV.dll
[0610/172042.830:ERROR:process_memory_win.cc(73)] ReadMemory at 0x7ffdc9b20000 of 64 bytes failed: ReadProcessMemory 또는 WriteProcessMemory의 일부 작업만을 마쳤습니다. (0x12B)
[0610/172042.830:WARNING:pe_image_reader.cc(340)] could not read dos header from C:\Windows\System32\profapi.dll
[0610/172042.830:ERROR:process_memory_win.cc(73)] ReadMemory at 0x7ffdc9b20000 of 64 bytes failed: ReadProcessMemory 또는 WriteProcessMemory의 일부 작업만을 마쳤습니다. (0x12B)
[0610/172042.830:WARNING:pe_image_reader.cc(340)] could not read dos header from C:\Windows\System32\profapi.dll
[0610/172042.830:ERROR:process_memory_win.cc(73)] ReadMemory at 0x7ffd8ed10000 of 64 bytes failed: ReadProcessMemory 또는 WriteProcessMemory의 일부 작업만을 마쳤습니다. (0x12B)
[0610/172042.830:WARNING:pe_image_reader.cc(340)] could not read dos header from C:\Windows\SYSTEM32\UIAutomationCore.DLL
[0610/172042.830:ERROR:process_memory_win.cc(73)] ReadMemory at 0x7ffd8ed10000 of 64 bytes failed: ReadProcessMemory 또는 WriteProcessMemory의 일부 작업만을 마쳤습니다. (0x12B)
[0610/172042.830:WARNING:pe_image_reader.cc(340)] could not read dos header from C:\Windows\SYSTEM32\UIAutomationCore.DLL
[0610/172042.830:ERROR:process_memory_win.cc(73)] ReadMemory at 0x7ffda2990000 of 64 bytes failed: ReadProcessMemory 또는 WriteProcessMemory의 일부 작업만을 마쳤습니다. (0x12B)
[0610/172042.830:WARNING:pe_image_reader.cc(340)] could not read dos header from C:\Windows\SYSTEM32\DWrite.dll
[0610/172042.830:ERROR:process_memory_win.cc(73)] ReadMemory at 0x7ffda2990000 of 64 bytes failed: ReadProcessMemory 또는 WriteProcessMemory의 일부 작업만을 마쳤습니다. (0x12B)
[0610/172042.830:WARNING:pe_image_reader.cc(340)] could not read dos header from C:\Windows\SYSTEM32\DWrite.dll
[0610/172042.830:ERROR:process_memory_win.cc(73)] ReadMemory at 0x7ffdb1360000 of 64 bytes failed: ReadProcessMemory 또는 WriteProcessMemory의 일부 작업만을 마쳤습니다. (0x12B)
[0610/172042.830:WARNING:pe_image_reader.cc(340)] could not read dos header from C:\Windows\SYSTEM32\WINSPOOL.DRV
[0610/172042.830:ERROR:process_memory_win.cc(73)] ReadMemory at 0x7ffdb1360000 of 64 bytes failed: ReadProcessMemory 또는 WriteProcessMemory의 일부 작업만을 마쳤습니다. (0x12B)
[0610/172042.830:WARNING:pe_image_reader.cc(340)] could not read dos header from C:\Windows\SYSTEM32\WINSPOOL.DRV
[0610/172042.830:ERROR:process_memory_win.cc(73)] ReadMemory at 0x7ffdc9a90000 of 64 bytes failed: ReadProcessMemory 또는 WriteProcessMemory의 일부 작업만을 마쳤습니다. (0x12B)
[0610/172042.830:WARNING:pe_image_reader.cc(340)] could not read dos header from C:\Windows\System32\kernel.appcore.dll
[0610/172042.830:ERROR:process_memory_win.cc(73)] ReadMemory at 0x7ffdc9a90000 of 64 bytes failed: ReadProcessMemory 또는 WriteProcessMemory의 일부 작업만을 마쳤습니다. (0x12B)
[0610/172042.830:WARNING:pe_image_reader.cc(340)] could not read dos header from C:\Windows\System32\kernel.appcore.dll
[0610/172042.830:ERROR:process_memory_win.cc(73)] ReadMemory at 0x7ffdc9b50000 of 64 bytes failed: ReadProcessMemory 또는 WriteProcessMemory의 일부 작업만을 마쳤습니다. (0x12B)
[0610/172042.831:WARNING:pe_image_reader.cc(340)] could not read dos header from C:\Windows\System32\bcrypt.dll
[0610/172042.831:ERROR:process_memory_win.cc(73)] ReadMemory at 0x7ffdc9b50000 of 64 bytes failed: ReadProcessMemory 또는 WriteProcessMemory의 일부 작업만을 마쳤습니다. (0x12B)
[0610/172042.831:WARNING:pe_image_reader.cc(340)] could not read dos header from C:\Windows\System32\bcrypt.dll
[0610/172042.831:ERROR:process_memory_win.cc(73)] ReadMemory at 0x7ffdc5350000 of 64 bytes failed: ReadProcessMemory 또는 WriteProcessMemory의 일부 작업만을 마쳤습니다. (0x12B)
[0610/172042.831:WARNING:pe_image_reader.cc(340)] could not read dos header from C:\Windows\SYSTEM32\dbghelp.dll
[0610/172042.831:ERROR:process_memory_win.cc(73)] ReadMemory at 0x7ffdc5350000 of 64 bytes failed: ReadProcessMemory 또는 WriteProcessMemory의 일부 작업만을 마쳤습니다. (0x12B)
[0610/172042.831:WARNING:pe_image_reader.cc(340)] could not read dos header from C:\Windows\SYSTEM32\dbghelp.dll
[0610/172042.831:ERROR:process_memory_win.cc(73)] ReadMemory at 0x7ffdb2370000 of 64 bytes failed: ReadProcessMemory 또는 WriteProcessMemory의 일부 작업만을 마쳤습니다. (0x12B)
[0610/172042.831:WARNING:pe_image_reader.cc(340)] could not read dos header from C:\Windows\SYSTEM32\WINHTTP.dll
[0610/172042.831:ERROR:process_memory_win.cc(73)] ReadMemory at 0x7ffdb2370000 of 64 bytes failed: ReadProcessMemory 또는 WriteProcessMemory의 일부 작업만을 마쳤습니다. (0x12B)
[0610/172042.831:WARNING:pe_image_reader.cc(340)] could not read dos header from C:\Windows\SYSTEM32\WINHTTP.dll
[0610/172042.831:ERROR:process_memory_win.cc(73)] ReadMemory at 0x7ffdbdae0000 of 64 bytes failed: ReadProcessMemory 또는 WriteProcessMemory의 일부 작업만을 마쳤습니다. (0x12B)
[0610/172042.831:WARNING:pe_image_reader.cc(340)] could not read dos header from C:\Windows\SYSTEM32\dhcpcsvc.DLL
[0610/172042.831:ERROR:process_memory_win.cc(73)] ReadMemory at 0x7ffdbdae0000 of 64 bytes failed: ReadProcessMemory 또는 WriteProcessMemory의 일부 작업만을 마쳤습니다. (0x12B)
[0610/172042.831:WARNING:pe_image_reader.cc(340)] could not read dos header from C:\Windows\SYSTEM32\dhcpcsvc.DLL
[0610/172042.831:ERROR:process_memory_win.cc(73)] ReadMemory at 0x7ffdcae50000 of 64 bytes failed: ReadProcessMemory 또는 WriteProcessMemory의 일부 작업만을 마쳤습니다. (0x12B)
[0610/172042.831:WARNING:pe_image_reader.cc(340)] could not read dos header from C:\Windows\System32\NSI.dll
[0610/172042.831:ERROR:process_memory_win.cc(73)] ReadMemory at 0x7ffdcae50000 of 64 bytes failed: ReadProcessMemory 또는 WriteProcessMemory의 일부 작업만을 마쳤습니다. (0x12B)
[0610/172042.831:WARNING:pe_image_reader.cc(340)] could not read dos header from C:\Windows\System32\NSI.dll
[0610/172042.831:ERROR:process_memory_win.cc(73)] ReadMemory at 0x7ffdc46d0000 of 64 bytes failed: ReadProcessMemory 또는 WriteProcessMemory의 일부 작업만을 마쳤습니다. (0x12B)
[0610/172042.831:WARNING:pe_image_reader.cc(340)] could not read dos header from C:\Windows\SYSTEM32\WINMMBASE.dll
[0610/172042.831:ERROR:process_memory_win.cc(73)] ReadMemory at 0x7ffdc46d0000 of 64 bytes failed: ReadProcessMemory 또는 WriteProcessMemory의 일부 작업만을 마쳤습니다. (0x12B)
[0610/172042.831:WARNING:pe_image_reader.cc(340)] could not read dos header from C:\Windows\SYSTEM32\WINMMBASE.dll
[0610/172042.832:ERROR:process_memory_win.cc(73)] ReadMemory at 0x7ffdc9b80000 of 64 bytes failed: ReadProcessMemory 또는 WriteProcessMemory의 일부 작업만을 마쳤습니다. (0x12B)
[0610/172042.832:WARNING:pe_image_reader.cc(340)] could not read dos header from C:\Windows\System32\cfgmgr32.dll
[0610/172042.832:ERROR:process_memory_win.cc(73)] ReadMemory at 0x7ffdc9b80000 of 64 bytes failed: ReadProcessMemory 또는 WriteProcessMemory의 일부 작업만을 마쳤습니다. (0x12B)
[0610/172042.832:WARNING:pe_image_reader.cc(340)] could not read dos header from C:\Windows\System32\cfgmgr32.dll
[0610/172042.832:ERROR:process_memory_win.cc(73)] ReadMemory at 0x7ffdc2f50000 of 64 bytes failed: ReadProcessMemory 또는 WriteProcessMemory의 일부 작업만을 마쳤습니다. (0x12B)
[0610/172042.832:WARNING:pe_image_reader.cc(340)] could not read dos header from C:\Windows\SYSTEM32\PROPSYS.dll
[0610/172042.832:ERROR:process_memory_win.cc(73)] ReadMemory at 0x7ffdc2f50000 of 64 bytes failed: ReadProcessMemory 또는 WriteProcessMemory의 일부 작업만을 마쳤습니다. (0x12B)
[0610/172042.832:WARNING:pe_image_reader.cc(340)] could not read dos header from C:\Windows\SYSTEM32\PROPSYS.dll
[0610/172042.832:ERROR:process_memory_win.cc(73)] ReadMemory at 0x7ffdcada0000 of 64 bytes failed: ReadProcessMemory 또는 WriteProcessMemory의 일부 작업만을 마쳤습니다. (0x12B)
[0610/172042.832:WARNING:pe_image_reader.cc(340)] could not read dos header from C:\Windows\System32\shcore.dll
[0610/172042.832:ERROR:process_memory_win.cc(73)] ReadMemory at 0x7ffdcada0000 of 64 bytes failed: ReadProcessMemory 또는 WriteProcessMemory의 일부 작업만을 마쳤습니다. (0x12B)
[0610/172042.832:WARNING:pe_image_reader.cc(340)] could not read dos header from C:\Windows\System32\shcore.dll
[0610/172042.832:ERROR:process_memory_win.cc(73)] ReadMemory at 0x7ffdc9970000 of 64 bytes failed: ReadProcessMemory 또는 WriteProcessMemory의 일부 작업만을 마쳤습니다. (0x12B)
[0610/172042.832:WARNING:pe_image_reader.cc(340)] could not read dos header from C:\Windows\SYSTEM32\SSPICLI.DLL
[0610/172042.832:ERROR:process_memory_win.cc(73)] ReadMemory at 0x7ffdc9970000 of 64 bytes failed: ReadProcessMemory 또는 WriteProcessMemory의 일부 작업만을 마쳤습니다. (0x12B)
[0610/172042.832:WARNING:pe_image_reader.cc(340)] could not read dos header from C:\Windows\SYSTEM32\SSPICLI.DLL
[0610/172042.832:ERROR:process_memory_win.cc(73)] ReadMemory at 0x7ffdc94c0000 of 64 bytes failed: ReadProcessMemory 또는 WriteProcessMemory의 일부 작업만을 마쳤습니다. (0x12B)
[0610/172042.832:WARNING:pe_image_reader.cc(340)] could not read dos header from C:\Windows\SYSTEM32\CRYPTBASE.DLL
[0610/172042.832:ERROR:process_memory_win.cc(73)] ReadMemory at 0x7ffdc94c0000 of 64 bytes failed: ReadProcessMemory 또는 WriteProcessMemory의 일부 작업만을 마쳤습니다. (0x12B)
[0610/172042.832:WARNING:pe_image_reader.cc(340)] could not read dos header from C:\Windows\SYSTEM32\CRYPTBASE.DLL
[0610/172042.888:ERROR:process_memory_win.cc(73)] ReadMemory at 0x7ff6dfb40000 of 64 bytes failed: ReadProcessMemory 또는 WriteProcessMemory의 일부 작업만을 마쳤습니다. (0x12B)
[0610/172042.888:WARNING:pe_image_reader.cc(340)] could not read dos header from C:\Program Files (x86)\Google\Chrome\Application\chrome.exe
[0610/172042.888:ERROR:process_memory_win.cc(73)] ReadMemory at 0x7ffdccbc0000 of 64 bytes failed: ReadProcessMemory 또는 WriteProcessMemory의 일부 작업만을 마쳤습니다. (0x12B)
[0610/172042.888:WARNING:pe_image_reader.cc(340)] could not read dos header from C:\Windows\SYSTEM32\ntdll.dll
[0610/172042.888:ERROR:process_memory_win.cc(73)] ReadMemory at 0x7ffdcc070000 of 64 bytes failed: ReadProcessMemory 또는 WriteProcessMemory의 일부 작업만을 마쳤습니다. (0x12B)
[0610/172042.888:WARNING:pe_image_reader.cc(340)] could not read dos header from C:\Windows\System32\KERNEL32.DLL
[0610/172042.888:ERROR:process_memory_win.cc(73)] ReadMemory at 0x7ffdca500000 of 64 bytes failed: ReadProcessMemory 또는 WriteProcessMemory의 일부 작업만을 마쳤습니다. (0x12B)
[0610/172042.888:WARNING:pe_image_reader.cc(340)] could not read dos header from C:\Windows\System32\KERNELBASE.dll
[0610/172042.888:ERROR:process_memory_win.cc(73)] ReadMemory at 0x7ffd820d0000 of 64 bytes failed: ReadProcessMemory 또는 WriteProcessMemory의 일부 작업만을 마쳤습니다. (0x12B)
[0610/172042.888:WARNING:pe_image_reader.cc(340)] could not read dos header from C:\Program Files (x86)\Google\Chrome\Application\83.0.4103.97\chrome_elf.dll
[0610/172042.888:ERROR:process_memory_win.cc(73)] ReadMemory at 0x7ffdbed40000 of 64 bytes failed: ReadProcessMemory 또는 WriteProcessMemory의 일부 작업만을 마쳤습니다. (0x12B)
[0610/172042.888:WARNING:pe_image_reader.cc(340)] could not read dos header from C:\Windows\SYSTEM32\VERSION.dll
[0610/172042.888:ERROR:process_memory_win.cc(73)] ReadMemory at 0x7ffdcbc30000 of 64 bytes failed: ReadProcessMemory 또는 WriteProcessMemory의 일부 작업만을 마쳤습니다. (0x12B)
[0610/172042.888:WARNING:pe_image_reader.cc(340)] could not read dos header from C:\Windows\System32\msvcrt.dll
[0610/172042.888:ERROR:process_memory_win.cc(73)] ReadMemory at 0x7ffdc9cd0000 of 64 bytes failed: ReadProcessMemory 또는 WriteProcessMemory의 일부 작업만을 마쳤습니다. (0x12B)
[0610/172042.888:WARNING:pe_image_reader.cc(340)] could not read dos header from C:\Windows\System32\bcryptPrimitives.dll
[0610/172042.888:ERROR:process_memory_win.cc(73)] ReadMemory at 0x7ffdcc1a0000 of 64 bytes failed: ReadProcessMemory 또는 WriteProcessMemory의 일부 작업만을 마쳤습니다. (0x12B)
[0610/172042.888:WARNING:pe_image_reader.cc(340)] could not read dos header from C:\Windows\System32\ADVAPI32.dll
[0610/172042.888:ERROR:process_memory_win.cc(73)] ReadMemory at 0x7ffdccae0000 of 64 bytes failed: ReadProcessMemory 또는 WriteProcessMemory의 일부 작업만을 마쳤습니다. (0x12B)
[0610/172042.888:WARNING:pe_image_reader.cc(340)] could not read dos header from C:\Windows\System32\sechost.dll
[0610/172042.888:ERROR:process_memory_win.cc(73)] ReadMemory at 0x7ffdcb810000 of 64 bytes failed: ReadProcessMemory 또는 WriteProcessMemory의 일부 작업만을 마쳤습니다. (0x12B)
[0610/172042.888:WARNING:pe_image_reader.cc(340)] could not read dos header from C:\Windows\System32\RPCRT4.dll
[0610/172042.888:ERROR:process_memory_win.cc(73)] ReadMemory at 0x7ffd455b0000 of 64 bytes failed: ReadProcessMemory 또는 WriteProcessMemory의 일부 작업만을 마쳤습니다. (0x12B)
[0610/172042.888:WARNING:pe_image_reader.cc(340)] could not read dos header from C:\Program Files (x86)\Google\Chrome\Application\83.0.4103.97\chrome.dll
[0610/172042.888:ERROR:process_memory_win.cc(73)] ReadMemory at 0x7ffdcbea0000 of 64 bytes failed: ReadProcessMemory 또는 WriteProcessMemory의 일부 작업만을 마쳤습니다. (0x12B)
[0610/172042.888:WARNING:pe_image_reader.cc(340)] could not read dos header from C:\Windows\System32\WS2_32.dll
[0610/172042.889:ERROR:process_memory_win.cc(73)] ReadMemory at 0x7ffdcbd30000 of 64 bytes failed: ReadProcessMemory 또는 WriteProcessMemory의 일부 작업만을 마쳤습니다. (0x12B)
[0610/172042.889:WARNING:pe_image_reader.cc(340)] could not read dos header from C:\Windows\System32\OLEAUT32.dll
[0610/172042.889:ERROR:process_memory_win.cc(73)] ReadMemory at 0x7ffdca9d0000 of 64 bytes failed: ReadProcessMemory 또는 WriteProcessMemory의 일부 작업만을 마쳤습니다. (0x12B)
[0610/172042.889:WARNING:pe_image_reader.cc(340)] could not read dos header from C:\Windows\System32\msvcp_win.dll
[0610/172042.889:ERROR:process_memory_win.cc(73)] ReadMemory at 0x7ffdc9bd0000 of 64 bytes failed: ReadProcessMemory 또는 WriteProcessMemory의 일부 작업만을 마쳤습니다. (0x12B)
[0610/172042.889:WARNING:pe_image_reader.cc(340)] could not read dos header from C:\Windows\System32\ucrtbase.dll
[0610/172042.889:ERROR:process_memory_win.cc(73)] ReadMemory at 0x7ffdcb2d0000 of 64 bytes failed: ReadProcessMemory 또는 WriteProcessMemory의 일부 작업만을 마쳤습니다. (0x12B)
[0610/172042.889:WARNING:pe_image_reader.cc(340)] could not read dos header from C:\Windows\System32\combase.dll
[0610/172042.889:ERROR:process_memory_win.cc(73)] ReadMemory at 0x7ffdcaa70000 of 64 bytes failed: ReadProcessMemory 또는 WriteProcessMemory의 일부 작업만을 마쳤습니다. (0x12B)
[0610/172042.889:WARNING:pe_image_reader.cc(340)] could not read dos header from C:\Windows\System32\WINTRUST.dll
[0610/172042.889:ERROR:process_memory_win.cc(73)] ReadMemory at 0x7ffdc9ab0000 of 64 bytes failed: ReadProcessMemory 또는 WriteProcessMemory의 일부 작업만을 마쳤습니다. (0x12B)
[0610/172042.889:WARNING:pe_image_reader.cc(340)] could not read dos header from C:\Windows\System32\MSASN1.dll
[0610/172042.889:ERROR:process_memory_win.cc(73)] ReadMemory at 0x7ffdca7b0000 of 64 bytes failed: ReadProcessMemory 또는 WriteProcessMemory의 일부 작업만을 마쳤습니다. (0x12B)
[0610/172042.889:WARNING:pe_image_reader.cc(340)] could not read dos header from C:\Windows\System32\CRYPT32.dll
[0610/172042.889:ERROR:process_memory_win.cc(73)] ReadMemory at 0x7ffdc9000000 of 64 bytes failed: ReadProcessMemory 또는 WriteProcessMemory의 일부 작업만을 마쳤습니다. (0x12B)
[0610/172042.889:WARNING:pe_image_reader.cc(340)] could not read dos header from C:\Windows\SYSTEM32\IPHLPAPI.DLL
[0610/172042.889:ERROR:process_memory_win.cc(73)] ReadMemory at 0x7ffdc4700000 of 64 bytes failed: ReadProcessMemory 또는 WriteProcessMemory의 일부 작업만을 마쳤습니다. (0x12B)
[0610/172042.889:WARNING:pe_image_reader.cc(340)] could not read dos header from C:\Windows\SYSTEM32\WINMM.dll
[0610/172042.889:ERROR:process_memory_win.cc(73)] ReadMemory at 0x7ffdae240000 of 64 bytes failed: ReadProcessMemory 또는 WriteProcessMemory의 일부 작업만을 마쳤습니다. (0x12B)
[0610/172042.889:WARNING:pe_image_reader.cc(340)] could not read dos header from C:\Windows\SYSTEM32\Secur32.dll
[0610/172042.889:ERROR:process_memory_win.cc(73)] ReadMemory at 0x7ffdc99a0000 of 64 bytes failed: ReadProcessMemory 또는 WriteProcessMemory의 일부 작업만을 마쳤습니다. (0x12B)
[0610/172042.889:WARNING:pe_image_reader.cc(340)] could not read dos header from C:\Windows\SYSTEM32\USERENV.dll
[0610/172042.889:ERROR:process_memory_win.cc(73)] ReadMemory at 0x7ffdc9b20000 of 64 bytes failed: ReadProcessMemory 또는 WriteProcessMemory의 일부 작업만을 마쳤습니다. (0x12B)
[0610/172042.890:WARNING:pe_image_reader.cc(340)] could not read dos header from C:\Windows\System32\profapi.dll
[0610/172042.890:ERROR:process_memory_win.cc(73)] ReadMemory at 0x7ffd8ed10000 of 64 bytes failed: ReadProcessMemory 또는 WriteProcessMemory의 일부 작업만을 마쳤습니다. (0x12B)
[0610/172042.890:WARNING:pe_image_reader.cc(340)] could not read dos header from C:\Windows\SYSTEM32\UIAutomationCore.DLL
[0610/172042.890:ERROR:process_memory_win.cc(73)] ReadMemory at 0x7ffda2990000 of 64 bytes failed: ReadProcessMemory 또는 WriteProcessMemory의 일부 작업만을 마쳤습니다. (0x12B)
[0610/172042.890:WARNING:pe_image_reader.cc(340)] could not read dos header from C:\Windows\SYSTEM32\DWrite.dll
[0610/172042.890:ERROR:process_memory_win.cc(73)] ReadMemory at 0x7ffdb1360000 of 64 bytes failed: ReadProcessMemory 또는 WriteProcessMemory의 일부 작업만을 마쳤습니다. (0x12B)
[0610/172042.890:WARNING:pe_image_reader.cc(340)] could not read dos header from C:\Windows\SYSTEM32\WINSPOOL.DRV
[0610/172042.890:ERROR:process_memory_win.cc(73)] ReadMemory at 0x7ffdc9a90000 of 64 bytes failed: ReadProcessMemory 또는 WriteProcessMemory의 일부 작업만을 마쳤습니다. (0x12B)
[0610/172042.890:WARNING:pe_image_reader.cc(340)] could not read dos header from C:\Windows\System32\kernel.appcore.dll
[0610/172042.890:ERROR:process_memory_win.cc(73)] ReadMemory at 0x7ffdc9b50000 of 64 bytes failed: ReadProcessMemory 또는 WriteProcessMemory의 일부 작업만을 마쳤습니다. (0x12B)
[0610/172042.890:WARNING:pe_image_reader.cc(340)] could not read dos header from C:\Windows\System32\bcrypt.dll
[0610/172042.890:ERROR:process_memory_win.cc(73)] ReadMemory at 0x7ffdc5350000 of 64 bytes failed: ReadProcessMemory 또는 WriteProcessMemory의 일부 작업만을 마쳤습니다. (0x12B)
[0610/172042.890:WARNING:pe_image_reader.cc(340)] could not read dos header from C:\Windows\SYSTEM32\dbghelp.dll
[0610/172042.890:ERROR:process_memory_win.cc(73)] ReadMemory at 0x7ffdb2370000 of 64 bytes failed: ReadProcessMemory 또는 WriteProcessMemory의 일부 작업만을 마쳤습니다. (0x12B)
[0610/172042.890:WARNING:pe_image_reader.cc(340)] could not read dos header from C:\Windows\SYSTEM32\WINHTTP.dll
[0610/172042.890:ERROR:process_memory_win.cc(73)] ReadMemory at 0x7ffdbdae0000 of 64 bytes failed: ReadProcessMemory 또는 WriteProcessMemory의 일부 작업만을 마쳤습니다. (0x12B)
[0610/172042.890:WARNING:pe_image_reader.cc(340)] could not read dos header from C:\Windows\SYSTEM32\dhcpcsvc.DLL
[0610/172042.890:ERROR:process_memory_win.cc(73)] ReadMemory at 0x7ffdcae50000 of 64 bytes failed: ReadProcessMemory 또는 WriteProcessMemory의 일부 작업만을 마쳤습니다. (0x12B)
[0610/172042.890:WARNING:pe_image_reader.cc(340)] could not read dos header from C:\Windows\System32\NSI.dll
[0610/172042.890:ERROR:process_memory_win.cc(73)] ReadMemory at 0x7ffdc46d0000 of 64 bytes failed: ReadProcessMemory 또는 WriteProcessMemory의 일부 작업만을 마쳤습니다. (0x12B)
[0610/172042.890:WARNING:pe_image_reader.cc(340)] could not read dos header from C:\Windows\SYSTEM32\WINMMBASE.dll
[0610/172042.891:ERROR:process_memory_win.cc(73)] ReadMemory at 0x7ffdc9b80000 of 64 bytes failed: ReadProcessMemory 또는 WriteProcessMemory의 일부 작업만을 마쳤습니다. (0x12B)
[0610/172042.891:WARNING:pe_image_reader.cc(340)] could not read dos header from C:\Windows\System32\cfgmgr32.dll
[0610/172042.891:ERROR:process_memory_win.cc(73)] ReadMemory at 0x7ffdc2f50000 of 64 bytes failed: ReadProcessMemory 또는 WriteProcessMemory의 일부 작업만을 마쳤습니다. (0x12B)
[0610/172042.891:WARNING:pe_image_reader.cc(340)] could not read dos header from C:\Windows\SYSTEM32\PROPSYS.dll
[0610/172042.891:ERROR:process_memory_win.cc(73)] ReadMemory at 0x7ffdcada0000 of 64 bytes failed: ReadProcessMemory 또는 WriteProcessMemory의 일부 작업만을 마쳤습니다. (0x12B)
[0610/172042.891:WARNING:pe_image_reader.cc(340)] could not read dos header from C:\Windows\System32\shcore.dll
[0610/172042.891:ERROR:process_memory_win.cc(73)] ReadMemory at 0x7ffdc9970000 of 64 bytes failed: ReadProcessMemory 또는 WriteProcessMemory의 일부 작업만을 마쳤습니다. (0x12B)
[0610/172042.891:WARNING:pe_image_reader.cc(340)] could not read dos header from C:\Windows\SYSTEM32\SSPICLI.DLL
[0610/172042.891:ERROR:process_memory_win.cc(73)] ReadMemory at 0x7ffdc94c0000 of 64 bytes failed: ReadProcessMemory 또는 WriteProcessMemory의 일부 작업만을 마쳤습니다. (0x12B)
[0610/172042.891:WARNING:pe_image_reader.cc(340)] could not read dos header from C:\Windows\SYSTEM32\CRYPTBASE.DLL
[0610/172042.895:ERROR:process_memory_win.cc(73)] ReadMemory at 0x7ff6dfb40000 of 64 bytes failed: ReadProcessMemory 또는 WriteProcessMemory의 일부 작업만을 마쳤습니다. (0x12B)
[0610/172042.895:WARNING:pe_image_reader.cc(340)] could not read dos header from C:\Program Files (x86)\Google\Chrome\Application\chrome.exe
[0610/172042.895:ERROR:process_memory_win.cc(73)] ReadMemory at 0x7ffdccbc0000 of 64 bytes failed: ReadProcessMemory 또는 WriteProcessMemory의 일부 작업만을 마쳤습니다. (0x12B)
[0610/172042.895:WARNING:pe_image_reader.cc(340)] could not read dos header from C:\Windows\SYSTEM32\ntdll.dll
[0610/172042.896:ERROR:process_memory_win.cc(73)] ReadMemory at 0x7ffdcc070000 of 64 bytes failed: ReadProcessMemory 또는 WriteProcessMemory의 일부 작업만을 마쳤습니다. (0x12B)
[0610/172042.896:WARNING:pe_image_reader.cc(340)] could not read dos header from C:\Windows\System32\KERNEL32.DLL
[0610/172042.896:ERROR:process_memory_win.cc(73)] ReadMemory at 0x7ffdca500000 of 64 bytes failed: ReadProcessMemory 또는 WriteProcessMemory의 일부 작업만을 마쳤습니다. (0x12B)
[0610/172042.896:WARNING:pe_image_reader.cc(340)] could not read dos header from C:\Windows\System32\KERNELBASE.dll
[0610/172042.896:ERROR:process_memory_win.cc(73)] ReadMemory at 0x7ffd820d0000 of 64 bytes failed: ReadProcessMemory 또는 WriteProcessMemory의 일부 작업만을 마쳤습니다. (0x12B)
[0610/172042.896:WARNING:pe_image_reader.cc(340)] could not read dos header from C:\Program Files (x86)\Google\Chrome\Application\83.0.4103.97\chrome_elf.dll
[0610/172042.896:ERROR:process_memory_win.cc(73)] ReadMemory at 0x7ffdbed40000 of 64 bytes failed: ReadProcessMemory 또는 WriteProcessMemory의 일부 작업만을 마쳤습니다. (0x12B)
[0610/172042.896:WARNING:pe_image_reader.cc(340)] could not read dos header from C:\Windows\SYSTEM32\VERSION.dll
[0610/172042.896:ERROR:process_memory_win.cc(73)] ReadMemory at 0x7ffdcbc30000 of 64 bytes failed: ReadProcessMemory 또는 WriteProcessMemory의 일부 작업만을 마쳤습니다. (0x12B)
[0610/172042.896:WARNING:pe_image_reader.cc(340)] could not read dos header from C:\Windows\System32\msvcrt.dll
[0610/172042.896:ERROR:process_memory_win.cc(73)] ReadMemory at 0x7ffdc9cd0000 of 64 bytes failed: ReadProcessMemory 또는 WriteProcessMemory의 일부 작업만을 마쳤습니다. (0x12B)
[0610/172042.896:WARNING:pe_image_reader.cc(340)] could not read dos header from C:\Windows\System32\bcryptPrimitives.dll
[0610/172042.896:ERROR:process_memory_win.cc(73)] ReadMemory at 0x7ffdcc1a0000 of 64 bytes failed: ReadProcessMemory 또는 WriteProcessMemory의 일부 작업만을 마쳤습니다. (0x12B)
[0610/172042.896:WARNING:pe_image_reader.cc(340)] could not read dos header from C:\Windows\System32\ADVAPI32.dll
[0610/172042.896:ERROR:process_memory_win.cc(73)] ReadMemory at 0x7ffdccae0000 of 64 bytes failed: ReadProcessMemory 또는 WriteProcessMemory의 일부 작업만을 마쳤습니다. (0x12B)
[0610/172042.896:WARNING:pe_image_reader.cc(340)] could not read dos header from C:\Windows\System32\sechost.dll
[0610/172042.896:ERROR:process_memory_win.cc(73)] ReadMemory at 0x7ffdcb810000 of 64 bytes failed: ReadProcessMemory 또는 WriteProcessMemory의 일부 작업만을 마쳤습니다. (0x12B)
[0610/172042.896:WARNING:pe_image_reader.cc(340)] could not read dos header from C:\Windows\System32\RPCRT4.dll
[0610/172042.896:ERROR:process_memory_win.cc(73)] ReadMemory at 0x7ffd455b0000 of 64 bytes failed: ReadProcessMemory 또는 WriteProcessMemory의 일부 작업만을 마쳤습니다. (0x12B)
[0610/172042.896:WARNING:pe_image_reader.cc(340)] could not read dos header from C:\Program Files (x86)\Google\Chrome\Application\83.0.4103.97\chrome.dll
[0610/172042.896:ERROR:process_memory_win.cc(73)] ReadMemory at 0x7ffdcbea0000 of 64 bytes failed: ReadProcessMemory 또는 WriteProcessMemory의 일부 작업만을 마쳤습니다. (0x12B)
[0610/172042.896:WARNING:pe_image_reader.cc(340)] could not read dos header from C:\Windows\System32\WS2_32.dll
[0610/172042.896:ERROR:process_memory_win.cc(73)] ReadMemory at 0x7ffdcbd30000 of 64 bytes failed: ReadProcessMemory 또는 WriteProcessMemory의 일부 작업만을 마쳤습니다. (0x12B)
[0610/172042.896:WARNING:pe_image_reader.cc(340)] could not read dos header from C:\Windows\System32\OLEAUT32.dll
[0610/172042.896:ERROR:process_memory_win.cc(73)] ReadMemory at 0x7ffdca9d0000 of 64 bytes failed: ReadProcessMemory 또는 WriteProcessMemory의 일부 작업만을 마쳤습니다. (0x12B)
[0610/172042.896:WARNING:pe_image_reader.cc(340)] could not read dos header from C:\Windows\System32\msvcp_win.dll
[0610/172042.896:ERROR:process_memory_win.cc(73)] ReadMemory at 0x7ffdc9bd0000 of 64 bytes failed: ReadProcessMemory 또는 WriteProcessMemory의 일부 작업만을 마쳤습니다. (0x12B)
[0610/172042.896:WARNING:pe_image_reader.cc(340)] could not read dos header from C:\Windows\System32\ucrtbase.dll
[0610/172042.896:ERROR:process_memory_win.cc(73)] ReadMemory at 0x7ffdcb2d0000 of 64 bytes failed: ReadProcessMemory 또는 WriteProcessMemory의 일부 작업만을 마쳤습니다. (0x12B)
[0610/172042.896:WARNING:pe_image_reader.cc(340)] could not read dos header from C:\Windows\System32\combase.dll
[0610/172042.896:ERROR:process_memory_win.cc(73)] ReadMemory at 0x7ffdcaa70000 of 64 bytes failed: ReadProcessMemory 또는 WriteProcessMemory의 일부 작업만을 마쳤습니다. (0x12B)
[0610/172042.896:WARNING:pe_image_reader.cc(340)] could not read dos header from C:\Windows\System32\WINTRUST.dll
[0610/172042.896:ERROR:process_memory_win.cc(73)] ReadMemory at 0x7ffdc9ab0000 of 64 bytes failed: ReadProcessMemory 또는 WriteProcessMemory의 일부 작업만을 마쳤습니다. (0x12B)
[0610/172042.896:WARNING:pe_image_reader.cc(340)] could not read dos header from C:\Windows\System32\MSASN1.dll
[0610/172042.896:ERROR:process_memory_win.cc(73)] ReadMemory at 0x7ffdca7b0000 of 64 bytes failed: ReadProcessMemory 또는 WriteProcessMemory의 일부 작업만을 마쳤습니다. (0x12B)
[0610/172042.896:WARNING:pe_image_reader.cc(340)] could not read dos header from C:\Windows\System32\CRYPT32.dll
[0610/172042.896:ERROR:process_memory_win.cc(73)] ReadMemory at 0x7ffdc9000000 of 64 bytes failed: ReadProcessMemory 또는 WriteProcessMemory의 일부 작업만을 마쳤습니다. (0x12B)
[0610/172042.897:WARNING:pe_image_reader.cc(340)] could not read dos header from C:\Windows\SYSTEM32\IPHLPAPI.DLL
[0610/172042.897:ERROR:process_memory_win.cc(73)] ReadMemory at 0x7ffdc4700000 of 64 bytes failed: ReadProcessMemory 또는 WriteProcessMemory의 일부 작업만을 마쳤습니다. (0x12B)
[0610/172042.897:WARNING:pe_image_reader.cc(340)] could not read dos header from C:\Windows\SYSTEM32\WINMM.dll
[0610/172042.897:ERROR:process_memory_win.cc(73)] ReadMemory at 0x7ffdae240000 of 64 bytes failed: ReadProcessMemory 또는 WriteProcessMemory의 일부 작업만을 마쳤습니다. (0x12B)
[0610/172042.897:WARNING:pe_image_reader.cc(340)] could not read dos header from C:\Windows\SYSTEM32\Secur32.dll
[0610/172042.897:ERROR:process_memory_win.cc(73)] ReadMemory at 0x7ffdc99a0000 of 64 bytes failed: ReadProcessMemory 또는 WriteProcessMemory의 일부 작업만을 마쳤습니다. (0x12B)
[0610/172042.897:WARNING:pe_image_reader.cc(340)] could not read dos header from C:\Windows\SYSTEM32\USERENV.dll
[0610/172042.897:ERROR:process_memory_win.cc(73)] ReadMemory at 0x7ffdc9b20000 of 64 bytes failed: ReadProcessMemory 또는 WriteProcessMemory의 일부 작업만을 마쳤습니다. (0x12B)
[0610/172042.897:WARNING:pe_image_reader.cc(340)] could not read dos header from C:\Windows\System32\profapi.dll
[0610/172042.897:ERROR:process_memory_win.cc(73)] ReadMemory at 0x7ffd8ed10000 of 64 bytes failed: ReadProcessMemory 또는 WriteProcessMemory의 일부 작업만을 마쳤습니다. (0x12B)
[0610/172042.897:WARNING:pe_image_reader.cc(340)] could not read dos header from C:\Windows\SYSTEM32\UIAutomationCore.DLL
[0610/172042.897:ERROR:process_memory_win.cc(73)] ReadMemory at 0x7ffda2990000 of 64 bytes failed: ReadProcessMemory 또는 WriteProcessMemory의 일부 작업만을 마쳤습니다. (0x12B)
[0610/172042.897:WARNING:pe_image_reader.cc(340)] could not read dos header from C:\Windows\SYSTEM32\DWrite.dll
[0610/172042.897:ERROR:process_memory_win.cc(73)] ReadMemory at 0x7ffdb1360000 of 64 bytes failed: ReadProcessMemory 또는 WriteProcessMemory의 일부 작업만을 마쳤습니다. (0x12B)
[0610/172042.897:WARNING:pe_image_reader.cc(340)] could not read dos header from C:\Windows\SYSTEM32\WINSPOOL.DRV
[0610/172042.897:ERROR:process_memory_win.cc(73)] ReadMemory at 0x7ffdc9a90000 of 64 bytes failed: ReadProcessMemory 또는 WriteProcessMemory의 일부 작업만을 마쳤습니다. (0x12B)
[0610/172042.897:WARNING:pe_image_reader.cc(340)] could not read dos header from C:\Windows\System32\kernel.appcore.dll
[0610/172042.897:ERROR:process_memory_win.cc(73)] ReadMemory at 0x7ffdc9b50000 of 64 bytes failed: ReadProcessMemory 또는 WriteProcessMemory의 일부 작업만을 마쳤습니다. (0x12B)
[0610/172042.897:WARNING:pe_image_reader.cc(340)] could not read dos header from C:\Windows\System32\bcrypt.dll
[0610/172042.897:ERROR:process_memory_win.cc(73)] ReadMemory at 0x7ffdc5350000 of 64 bytes failed: ReadProcessMemory 또는 WriteProcessMemory의 일부 작업만을 마쳤습니다. (0x12B)
[0610/172042.897:WARNING:pe_image_reader.cc(340)] could not read dos header from C:\Windows\SYSTEM32\dbghelp.dll
[0610/172042.897:ERROR:process_memory_win.cc(73)] ReadMemory at 0x7ffdb2370000 of 64 bytes failed: ReadProcessMemory 또는 WriteProcessMemory의 일부 작업만을 마쳤습니다. (0x12B)
[0610/172042.897:WARNING:pe_image_reader.cc(340)] could not read dos header from C:\Windows\SYSTEM32\WINHTTP.dll
[0610/172042.897:ERROR:process_memory_win.cc(73)] ReadMemory at 0x7ffdbdae0000 of 64 bytes failed: ReadProcessMemory 또는 WriteProcessMemory의 일부 작업만을 마쳤습니다. (0x12B)
[0610/172042.897:WARNING:pe_image_reader.cc(340)] could not read dos header from C:\Windows\SYSTEM32\dhcpcsvc.DLL
[0610/172042.897:ERROR:process_memory_win.cc(73)] ReadMemory at 0x7ffdcae50000 of 64 bytes failed: ReadProcessMemory 또는 WriteProcessMemory의 일부 작업만을 마쳤습니다. (0x12B)
[0610/172042.897:WARNING:pe_image_reader.cc(340)] could not read dos header from C:\Windows\System32\NSI.dll
[0610/172042.897:ERROR:process_memory_win.cc(73)] ReadMemory at 0x7ffdc46d0000 of 64 bytes failed: ReadProcessMemory 또는 WriteProcessMemory의 일부 작업만을 마쳤습니다. (0x12B)
[0610/172042.897:WARNING:pe_image_reader.cc(340)] could not read dos header from C:\Windows\SYSTEM32\WINMMBASE.dll
[0610/172042.897:ERROR:process_memory_win.cc(73)] ReadMemory at 0x7ffdc9b80000 of 64 bytes failed: ReadProcessMemory 또는 WriteProcessMemory의 일부 작업만을 마쳤습니다. (0x12B)
[0610/172042.897:WARNING:pe_image_reader.cc(340)] could not read dos header from C:\Windows\System32\cfgmgr32.dll
[0610/172042.897:ERROR:process_memory_win.cc(73)] ReadMemory at 0x7ffdc2f50000 of 64 bytes failed: ReadProcessMemory 또는 WriteProcessMemory의 일부 작업만을 마쳤습니다. (0x12B)
[0610/172042.897:WARNING:pe_image_reader.cc(340)] could not read dos header from C:\Windows\SYSTEM32\PROPSYS.dll
[0610/172042.897:ERROR:process_memory_win.cc(73)] ReadMemory at 0x7ffdcada0000 of 64 bytes failed: ReadProcessMemory 또는 WriteProcessMemory의 일부 작업만을 마쳤습니다. (0x12B)
[0610/172042.897:WARNING:pe_image_reader.cc(340)] could not read dos header from C:\Windows\System32\shcore.dll
[0610/172042.898:ERROR:process_memory_win.cc(73)] ReadMemory at 0x7ffdc9970000 of 64 bytes failed: ReadProcessMemory 또는 WriteProcessMemory의 일부 작업만을 마쳤습니다. (0x12B)
[0610/172042.898:WARNING:pe_image_reader.cc(340)] could not read dos header from C:\Windows\SYSTEM32\SSPICLI.DLL
[0610/172042.898:ERROR:process_memory_win.cc(73)] ReadMemory at 0x7ffdc94c0000 of 64 bytes failed: ReadProcessMemory 또는 WriteProcessMemory의 일부 작업만을 마쳤습니다. (0x12B)
[0610/172042.898:WARNING:pe_image_reader.cc(340)] could not read dos header from C:\Windows\SYSTEM32\CRYPTBASE.DLL
[0610/172042.898:ERROR:process_memory_win.cc(73)] ReadMemory at 0x7ff6dfb40000 of 64 bytes failed: ReadProcessMemory 또는 WriteProcessMemory의 일부 작업만을 마쳤습니다. (0x12B)
[0610/172042.898:WARNING:pe_image_reader.cc(340)] could not read dos header from C:\Program Files (x86)\Google\Chrome\Application\chrome.exe
[0610/172042.898:ERROR:process_memory_win.cc(73)] ReadMemory at 0x7ffdccbc0000 of 64 bytes failed: ReadProcessMemory 또는 WriteProcessMemory의 일부 작업만을 마쳤습니다. (0x12B)
[0610/172042.898:WARNING:pe_image_reader.cc(340)] could not read dos header from C:\Windows\SYSTEM32\ntdll.dll
[0610/172042.898:ERROR:process_memory_win.cc(73)] ReadMemory at 0x7ffdcc070000 of 64 bytes failed: ReadProcessMemory 또는 WriteProcessMemory의 일부 작업만을 마쳤습니다. (0x12B)
[0610/172042.898:WARNING:pe_image_reader.cc(340)] could not read dos header from C:\Windows\System32\KERNEL32.DLL
[0610/172042.898:ERROR:process_memory_win.cc(73)] ReadMemory at 0x7ffdca500000 of 64 bytes failed: ReadProcessMemory 또는 WriteProcessMemory의 일부 작업만을 마쳤습니다. (0x12B)
[0610/172042.898:WARNING:pe_image_reader.cc(340)] could not read dos header from C:\Windows\System32\KERNELBASE.dll
[0610/172042.898:ERROR:process_memory_win.cc(73)] ReadMemory at 0x7ffd820d0000 of 64 bytes failed: ReadProcessMemory 또는 WriteProcessMemory의 일부 작업만을 마쳤습니다. (0x12B)
[0610/172042.898:WARNING:pe_image_reader.cc(340)] could not read dos header from C:\Program Files (x86)\Google\Chrome\Application\83.0.4103.97\chrome_elf.dll
[0610/172042.898:ERROR:process_memory_win.cc(73)] ReadMemory at 0x7ffdbed40000 of 64 bytes failed: ReadProcessMemory 또는 WriteProcessMemory의 일부 작업만을 마쳤습니다. (0x12B)
[0610/172042.898:WARNING:pe_image_reader.cc(340)] could not read dos header from C:\Windows\SYSTEM32\VERSION.dll
[0610/172042.898:ERROR:process_memory_win.cc(73)] ReadMemory at 0x7ffdcbc30000 of 64 bytes failed: ReadProcessMemory 또는 WriteProcessMemory의 일부 작업만을 마쳤습니다. (0x12B)
[0610/172042.898:WARNING:pe_image_reader.cc(340)] could not read dos header from C:\Windows\System32\msvcrt.dll
[0610/172042.898:ERROR:process_memory_win.cc(73)] ReadMemory at 0x7ffdc9cd0000 of 64 bytes failed: ReadProcessMemory 또는 WriteProcessMemory의 일부 작업만을 마쳤습니다. (0x12B)
[0610/172042.898:WARNING:pe_image_reader.cc(340)] could not read dos header from C:\Windows\System32\bcryptPrimitives.dll
[0610/172042.898:ERROR:process_memory_win.cc(73)] ReadMemory at 0x7ffdcc1a0000 of 64 bytes failed: ReadProcessMemory 또는 WriteProcessMemory의 일부 작업만을 마쳤습니다. (0x12B)
[0610/172042.898:WARNING:pe_image_reader.cc(340)] could not read dos header from C:\Windows\System32\ADVAPI32.dll
[0610/172042.898:ERROR:process_memory_win.cc(73)] ReadMemory at 0x7ffdccae0000 of 64 bytes failed: ReadProcessMemory 또는 WriteProcessMemory의 일부 작업만을 마쳤습니다. (0x12B)
[0610/172042.898:WARNING:pe_image_reader.cc(340)] could not read dos header from C:\Windows\System32\sechost.dll
[0610/172042.898:ERROR:process_memory_win.cc(73)] ReadMemory at 0x7ffdcb810000 of 64 bytes failed: ReadProcessMemory 또는 WriteProcessMemory의 일부 작업만을 마쳤습니다. (0x12B)
[0610/172042.898:WARNING:pe_image_reader.cc(340)] could not read dos header from C:\Windows\System32\RPCRT4.dll
[0610/172042.898:ERROR:process_memory_win.cc(73)] ReadMemory at 0x7ffd455b0000 of 64 bytes failed: ReadProcessMemory 또는 WriteProcessMemory의 일부 작업만을 마쳤습니다. (0x12B)
[0610/172042.898:WARNING:pe_image_reader.cc(340)] could not read dos header from C:\Program Files (x86)\Google\Chrome\Application\83.0.4103.97\chrome.dll
[0610/172042.898:ERROR:process_memory_win.cc(73)] ReadMemory at 0x7ffdcbea0000 of 64 bytes failed: ReadProcessMemory 또는 WriteProcessMemory의 일부 작업만을 마쳤습니다. (0x12B)
[0610/172042.898:WARNING:pe_image_reader.cc(340)] could not read dos header from C:\Windows\System32\WS2_32.dll
[0610/172042.898:ERROR:process_memory_win.cc(73)] ReadMemory at 0x7ffdcbd30000 of 64 bytes failed: ReadProcessMemory 또는 WriteProcessMemory의 일부 작업만을 마쳤습니다. (0x12B)
[0610/172042.898:WARNING:pe_image_reader.cc(340)] could not read dos header from C:\Windows\System32\OLEAUT32.dll
[0610/172042.899:ERROR:process_memory_win.cc(73)] ReadMemory at 0x7ffdca9d0000 of 64 bytes failed: ReadProcessMemory 또는 WriteProcessMemory의 일부 작업만을 마쳤습니다. (0x12B)
[0610/172042.899:WARNING:pe_image_reader.cc(340)] could not read dos header from C:\Windows\System32\msvcp_win.dll
[0610/172042.899:ERROR:process_memory_win.cc(73)] ReadMemory at 0x7ffdc9bd0000 of 64 bytes failed: ReadProcessMemory 또는 WriteProcessMemory의 일부 작업만을 마쳤습니다. (0x12B)
[0610/172042.899:WARNING:pe_image_reader.cc(340)] could not read dos header from C:\Windows\System32\ucrtbase.dll
[0610/172042.899:ERROR:process_memory_win.cc(73)] ReadMemory at 0x7ffdcb2d0000 of 64 bytes failed: ReadProcessMemory 또는 WriteProcessMemory의 일부 작업만을 마쳤습니다. (0x12B)
[0610/172042.899:WARNING:pe_image_reader.cc(340)] could not read dos header from C:\Windows\System32\combase.dll
[0610/172042.899:ERROR:process_memory_win.cc(73)] ReadMemory at 0x7ffdcaa70000 of 64 bytes failed: ReadProcessMemory 또는 WriteProcessMemory의 일부 작업만을 마쳤습니다. (0x12B)
[0610/172042.899:WARNING:pe_image_reader.cc(340)] could not read dos header from C:\Windows\System32\WINTRUST.dll
[0610/172042.899:ERROR:process_memory_win.cc(73)] ReadMemory at 0x7ffdc9ab0000 of 64 bytes failed: ReadProcessMemory 또는 WriteProcessMemory의 일부 작업만을 마쳤습니다. (0x12B)
[0610/172042.899:WARNING:pe_image_reader.cc(340)] could not read dos header from C:\Windows\System32\MSASN1.dll
[0610/172042.899:ERROR:process_memory_win.cc(73)] ReadMemory at 0x7ffdca7b0000 of 64 bytes failed: ReadProcessMemory 또는 WriteProcessMemory의 일부 작업만을 마쳤습니다. (0x12B)
[0610/172042.899:WARNING:pe_image_reader.cc(340)] could not read dos header from C:\Windows\System32\CRYPT32.dll
[0610/172042.899:ERROR:process_memory_win.cc(73)] ReadMemory at 0x7ffdc9000000 of 64 bytes failed: ReadProcessMemory 또는 WriteProcessMemory의 일부 작업만을 마쳤습니다. (0x12B)
[0610/172042.899:WARNING:pe_image_reader.cc(340)] could not read dos header from C:\Windows\SYSTEM32\IPHLPAPI.DLL
[0610/172042.899:ERROR:process_memory_win.cc(73)] ReadMemory at 0x7ffdc4700000 of 64 bytes failed: ReadProcessMemory 또는 WriteProcessMemory의 일부 작업만을 마쳤습니다. (0x12B)
[0610/172042.899:WARNING:pe_image_reader.cc(340)] could not read dos header from C:\Windows\SYSTEM32\WINMM.dll
[0610/172042.899:ERROR:process_memory_win.cc(73)] ReadMemory at 0x7ffdae240000 of 64 bytes failed: ReadProcessMemory 또는 WriteProcessMemory의 일부 작업만을 마쳤습니다. (0x12B)
[0610/172042.899:WARNING:pe_image_reader.cc(340)] could not read dos header from C:\Windows\SYSTEM32\Secur32.dll
[0610/172042.899:ERROR:process_memory_win.cc(73)] ReadMemory at 0x7ffdc99a0000 of 64 bytes failed: ReadProcessMemory 또는 WriteProcessMemory의 일부 작업만을 마쳤습니다. (0x12B)
[0610/172042.899:WARNING:pe_image_reader.cc(340)] could not read dos header from C:\Windows\SYSTEM32\USERENV.dll
[0610/172042.899:ERROR:process_memory_win.cc(73)] ReadMemory at 0x7ffdc9b20000 of 64 bytes failed: ReadProcessMemory 또는 WriteProcessMemory의 일부 작업만을 마쳤습니다. (0x12B)
[0610/172042.899:WARNING:pe_image_reader.cc(340)] could not read dos header from C:\Windows\System32\profapi.dll
[0610/172042.899:ERROR:process_memory_win.cc(73)] ReadMemory at 0x7ffd8ed10000 of 64 bytes failed: ReadProcessMemory 또는 WriteProcessMemory의 일부 작업만을 마쳤습니다. (0x12B)
[0610/172042.899:WARNING:pe_image_reader.cc(340)] could not read dos header from C:\Windows\SYSTEM32\UIAutomationCore.DLL
[0610/172042.899:ERROR:process_memory_win.cc(73)] ReadMemory at 0x7ffda2990000 of 64 bytes failed: ReadProcessMemory 또는 WriteProcessMemory의 일부 작업만을 마쳤습니다. (0x12B)
[0610/172042.899:WARNING:pe_image_reader.cc(340)] could not read dos header from C:\Windows\SYSTEM32\DWrite.dll
[0610/172042.899:ERROR:process_memory_win.cc(73)] ReadMemory at 0x7ffdb1360000 of 64 bytes failed: ReadProcessMemory 또는 WriteProcessMemory의 일부 작업만을 마쳤습니다. (0x12B)
[0610/172042.899:WARNING:pe_image_reader.cc(340)] could not read dos header from C:\Windows\SYSTEM32\WINSPOOL.DRV
[0610/172042.899:ERROR:process_memory_win.cc(73)] ReadMemory at 0x7ffdc9a90000 of 64 bytes failed: ReadProcessMemory 또는 WriteProcessMemory의 일부 작업만을 마쳤습니다. (0x12B)
[0610/172042.899:WARNING:pe_image_reader.cc(340)] could not read dos header from C:\Windows\System32\kernel.appcore.dll
[0610/172042.899:ERROR:process_memory_win.cc(73)] ReadMemory at 0x7ffdc9b50000 of 64 bytes failed: ReadProcessMemory 또는 WriteProcessMemory의 일부 작업만을 마쳤습니다. (0x12B)
[0610/172042.899:WARNING:pe_image_reader.cc(340)] could not read dos header from C:\Windows\System32\bcrypt.dll
[0610/172042.899:ERROR:process_memory_win.cc(73)] ReadMemory at 0x7ffdc5350000 of 64 bytes failed: ReadProcessMemory 또는 WriteProcessMemory의 일부 작업만을 마쳤습니다. (0x12B)
[0610/172042.899:WARNING:pe_image_reader.cc(340)] could not read dos header from C:\Windows\SYSTEM32\dbghelp.dll
[0610/172042.899:ERROR:process_memory_win.cc(73)] ReadMemory at 0x7ffdb2370000 of 64 bytes failed: ReadProcessMemory 또는 WriteProcessMemory의 일부 작업만을 마쳤습니다. (0x12B)
[0610/172042.899:WARNING:pe_image_reader.cc(340)] could not read dos header from C:\Windows\SYSTEM32\WINHTTP.dll
[0610/172042.899:ERROR:process_memory_win.cc(73)] ReadMemory at 0x7ffdbdae0000 of 64 bytes failed: ReadProcessMemory 또는 WriteProcessMemory의 일부 작업만을 마쳤습니다. (0x12B)
[0610/172042.899:WARNING:pe_image_reader.cc(340)] could not read dos header from C:\Windows\SYSTEM32\dhcpcsvc.DLL
[0610/172042.900:ERROR:process_memory_win.cc(73)] ReadMemory at 0x7ffdcae50000 of 64 bytes failed: ReadProcessMemory 또는 WriteProcessMemory의 일부 작업만을 마쳤습니다. (0x12B)
[0610/172042.900:WARNING:pe_image_reader.cc(340)] could not read dos header from C:\Windows\System32\NSI.dll
[0610/172042.900:ERROR:process_memory_win.cc(73)] ReadMemory at 0x7ffdc46d0000 of 64 bytes failed: ReadProcessMemory 또는 WriteProcessMemory의 일부 작업만을 마쳤습니다. (0x12B)
[0610/172042.900:WARNING:pe_image_reader.cc(340)] could not read dos header from C:\Windows\SYSTEM32\WINMMBASE.dll
[0610/172042.900:ERROR:process_memory_win.cc(73)] ReadMemory at 0x7ffdc9b80000 of 64 bytes failed: ReadProcessMemory 또는 WriteProcessMemory의 일부 작업만을 마쳤습니다. (0x12B)
[0610/172042.900:WARNING:pe_image_reader.cc(340)] could not read dos header from C:\Windows\System32\cfgmgr32.dll
[0610/172042.900:ERROR:process_memory_win.cc(73)] ReadMemory at 0x7ffdc2f50000 of 64 bytes failed: ReadProcessMemory 또는 WriteProcessMemory의 일부 작업만을 마쳤습니다. (0x12B)
[0610/172042.900:WARNING:pe_image_reader.cc(340)] could not read dos header from C:\Windows\SYSTEM32\PROPSYS.dll
[0610/172042.900:ERROR:process_memory_win.cc(73)] ReadMemory at 0x7ffdcada0000 of 64 bytes failed: ReadProcessMemory 또는 WriteProcessMemory의 일부 작업만을 마쳤습니다. (0x12B)
[0610/172042.900:WARNING:pe_image_reader.cc(340)] could not read dos header from C:\Windows\System32\shcore.dll
[0610/172042.900:ERROR:process_memory_win.cc(73)] ReadMemory at 0x7ffdc9970000 of 64 bytes failed: ReadProcessMemory 또는 WriteProcessMemory의 일부 작업만을 마쳤습니다. (0x12B)
[0610/172042.900:WARNING:pe_image_reader.cc(340)] could not read dos header from C:\Windows\SYSTEM32\SSPICLI.DLL
[0610/172042.900:ERROR:process_memory_win.cc(73)] ReadMemory at 0x7ffdc94c0000 of 64 bytes failed: ReadProcessMemory 또는 WriteProcessMemory의 일부 작업만을 마쳤습니다. (0x12B)
[0610/172042.900:WARNING:pe_image_reader.cc(340)] could not read dos header from C:\Windows\SYSTEM32\CRYPTBASE.DLL
[0610/172042.906:ERROR:process_memory_win.cc(73)] ReadMemory at 0x944fdf8000 of 32768 bytes failed: ReadProcessMemory 또는 WriteProcessMemory의 일부 작업만을 마쳤습니다. (0x12B)
[0610/172042.906:ERROR:process_memory_win.cc(73)] ReadMemory at 0x94505fd000 of 12288 bytes failed: ReadProcessMemory 또는 WriteProcessMemory의 일부 작업만을 마쳤습니다. (0x12B)
[0610/172042.906:ERROR:process_memory_win.cc(73)] ReadMemory at 0x9450dfc000 of 16384 bytes failed: ReadProcessMemory 또는 WriteProcessMemory의 일부 작업만을 마쳤습니다. (0x12B)
[0610/172042.906:ERROR:process_memory_win.cc(73)] ReadMemory at 0x94515fc000 of 16384 bytes failed: ReadProcessMemory 또는 WriteProcessMemory의 일부 작업만을 마쳤습니다. (0x12B)
[0610/172042.906:ERROR:process_memory_win.cc(73)] ReadMemory at 0x9451dfc000 of 16384 bytes failed: ReadProcessMemory 또는 WriteProcessMemory의 일부 작업만을 마쳤습니다. (0x12B)
[0610/172042.906:ERROR:process_memory_win.cc(73)] ReadMemory at 0x94525ff000 of 4096 bytes failed: ReadProcessMemory 또는 WriteProcessMemory의 일부 작업만을 마쳤습니다. (0x12B)
[0610/172042.906:ERROR:process_memory_win.cc(73)] ReadMemory at 0x9452dfd000 of 12288 bytes failed: ReadProcessMemory 또는 WriteProcessMemory의 일부 작업만을 마쳤습니다. (0x12B)
[0610/172042.906:ERROR:process_memory_win.cc(73)] ReadMemory at 0x94535fb000 of 20480 bytes failed: ReadProcessMemory 또는 WriteProcessMemory의 일부 작업만을 마쳤습니다. (0x12B)
[0610/172042.906:ERROR:process_memory_win.cc(73)] ReadMemory at 0x9453dfd000 of 12288 bytes failed: ReadProcessMemory 또는 WriteProcessMemory의 일부 작업만을 마쳤습니다. (0x12B)
[0610/172042.906:ERROR:process_memory_win.cc(73)] ReadMemory at 0x94545fd000 of 12288 bytes failed: ReadProcessMemory 또는 WriteProcessMemory의 일부 작업만을 마쳤습니다. (0x12B)
[0610/172042.906:ERROR:process_memory_win.cc(73)] ReadMemory at 0x9454dfd000 of 12288 bytes failed: ReadProcessMemory 또는 WriteProcessMemory의 일부 작업만을 마쳤습니다. (0x12B)
[0610/172042.906:ERROR:process_memory_win.cc(73)] ReadMemory at 0x94555fd000 of 12288 bytes failed: ReadProcessMemory 또는 WriteProcessMemory의 일부 작업만을 마쳤습니다. (0x12B)
[0610/172042.906:ERROR:process_memory_win.cc(73)] ReadMemory at 0x9455dfd000 of 12288 bytes failed: ReadProcessMemory 또는 WriteProcessMemory의 일부 작업만을 마쳤습니다. (0x12B)
[0610/172042.907:ERROR:process_memory_win.cc(73)] ReadMemory at 0x94565fd000 of 12288 bytes failed: ReadProcessMemory 또는 WriteProcessMemory의 일부 작업만을 마쳤습니다. (0x12B)
[0610/172042.907:ERROR:process_memory_win.cc(73)] ReadMemory at 0x9456dfd000 of 12288 bytes failed: ReadProcessMemory 또는 WriteProcessMemory의 일부 작업만을 마쳤습니다. (0x12B)
[0610/172042.907:ERROR:process_memory_win.cc(73)] ReadMemory at 0x94575fd000 of 12288 bytes failed: ReadProcessMemory 또는 WriteProcessMemory의 일부 작업만을 마쳤습니다. (0x12B)
[0610/172042.907:ERROR:process_memory_win.cc(73)] ReadMemory at 0x944f543000 of 852 bytes failed: ReadProcessMemory 또는 WriteProcessMemory의 일부 작업만을 마쳤습니다. (0x12B)
[0610/172042.907:ERROR:process_memory_win.cc(73)] ReadMemory at 0x944f544000 of 6024 bytes failed: ReadProcessMemory 또는 WriteProcessMemory의 일부 작업만을 마쳤습니다. (0x12B)
[0610/172042.907:ERROR:process_memory_win.cc(73)] ReadMemory at 0x944f546000 of 6024 bytes failed: ReadProcessMemory 또는 WriteProcessMemory의 일부 작업만을 마쳤습니다. (0x12B)
[0610/172042.907:ERROR:process_memory_win.cc(73)] ReadMemory at 0x944f548000 of 6024 bytes failed: ReadProcessMemory 또는 WriteProcessMemory의 일부 작업만을 마쳤습니다. (0x12B)
[0610/172042.907:ERROR:process_memory_win.cc(73)] ReadMemory at 0x944f54a000 of 6024 bytes failed: ReadProcessMemory 또는 WriteProcessMemory의 일부 작업만을 마쳤습니다. (0x12B)
[0610/172042.907:ERROR:process_memory_win.cc(73)] ReadMemory at 0x944f54c000 of 6024 bytes failed: ReadProcessMemory 또는 WriteProcessMemory의 일부 작업만을 마쳤습니다. (0x12B)
[0610/172042.907:ERROR:process_memory_win.cc(73)] ReadMemory at 0x944f54e000 of 6024 bytes failed: ReadProcessMemory 또는 WriteProcessMemory의 일부 작업만을 마쳤습니다. (0x12B)
[0610/172042.907:ERROR:process_memory_win.cc(73)] ReadMemory at 0x944f550000 of 6024 bytes failed: ReadProcessMemory 또는 WriteProcessMemory의 일부 작업만을 마쳤습니다. (0x12B)
[0610/172042.907:ERROR:process_memory_win.cc(73)] ReadMemory at 0x944f552000 of 6024 bytes failed: ReadProcessMemory 또는 WriteProcessMemory의 일부 작업만을 마쳤습니다. (0x12B)
[0610/172042.907:ERROR:process_memory_win.cc(73)] ReadMemory at 0x944f554000 of 6024 bytes failed: ReadProcessMemory 또는 WriteProcessMemory의 일부 작업만을 마쳤습니다. (0x12B)
[0610/172042.907:ERROR:process_memory_win.cc(73)] ReadMemory at 0x944f556000 of 6024 bytes failed: ReadProcessMemory 또는 WriteProcessMemory의 일부 작업만을 마쳤습니다. (0x12B)
[0610/172042.907:ERROR:process_memory_win.cc(73)] ReadMemory at 0x944f558000 of 6024 bytes failed: ReadProcessMemory 또는 WriteProcessMemory의 일부 작업만을 마쳤습니다. (0x12B)
[0610/172042.907:ERROR:process_memory_win.cc(73)] ReadMemory at 0x944f55a000 of 6024 bytes failed: ReadProcessMemory 또는 WriteProcessMemory의 일부 작업만을 마쳤습니다. (0x12B)
[0610/172042.907:ERROR:process_memory_win.cc(73)] ReadMemory at 0x944f55c000 of 6024 bytes failed: ReadProcessMemory 또는 WriteProcessMemory의 일부 작업만을 마쳤습니다. (0x12B)
[0610/172042.907:ERROR:process_memory_win.cc(73)] ReadMemory at 0x944f55e000 of 6024 bytes failed: ReadProcessMemory 또는 WriteProcessMemory의 일부 작업만을 마쳤습니다. (0x12B)
[0610/172042.908:ERROR:process_memory_win.cc(73)] ReadMemory at 0x944f560000 of 6024 bytes failed: ReadProcessMemory 또는 WriteProcessMemory의 일부 작업만을 마쳤습니다. (0x12B)
[0610/172042.908:ERROR:process_memory_win.cc(73)] ReadMemory at 0x944f562000 of 6024 bytes failed: ReadProcessMemory 또는 WriteProcessMemory의 일부 작업만을 마쳤습니다. (0x12B)
[0610/172042.908:ERROR:process_memory_win.cc(73)] ReadMemory at 0x289071b0fe0 of 9608 bytes failed: ReadProcessMemory 또는 WriteProcessMemory의 일부 작업만을 마쳤습니다. (0x12B)
[0610/172042.908:ERROR:process_memory_win.cc(73)] ReadMemory at 0x289071b3570 of 1012 bytes failed: ReadProcessMemory 또는 WriteProcessMemory의 일부 작업만을 마쳤습니다. (0x12B)
[0610/172042.908:ERROR:process_memory_win.cc(73)] ReadMemory at 0x289071b3bb8 of 118 bytes failed: ReadProcessMemory 또는 WriteProcessMemory의 일부 작업만을 마쳤습니다. (0x12B)
[0610/172042.908:ERROR:process_memory_win.cc(73)] ReadMemory at 0x289071b3c30 of 756 bytes failed: ReadProcessMemory 또는 WriteProcessMemory의 일부 작업만을 마쳤습니다. (0x12B)
[0610/172042.908:ERROR:process_memory_win.cc(73)] ReadMemory at 0x289071b3f26 of 118 bytes failed: ReadProcessMemory 또는 WriteProcessMemory의 일부 작업만을 마쳤습니다. (0x12B)
[0610/172042.908:ERROR:process_memory_win.cc(73)] ReadMemory at 0x289071b3f9e of 100 bytes failed: ReadProcessMemory 또는 WriteProcessMemory의 일부 작업만을 마쳤습니다. (0x12B)
[0610/172042.908:ERROR:process_memory_win.cc(73)] ReadMemory at 0x289071b4010 of 58 bytes failed: ReadProcessMemory 또는 WriteProcessMemory의 일부 작업만을 마쳤습니다. (0x12B)
[0610/172042.908:ERROR:process_memory_win.cc(73)] ReadMemory at 0x289071b4110 of 132 bytes failed: ReadProcessMemory 또는 WriteProcessMemory의 일부 작업만을 마쳤습니다. (0x12B)
[0610/172042.908:ERROR:process_memory_win.cc(73)] ReadMemory at 0x289071b42a0 of 132 bytes failed: ReadProcessMemory 또는 WriteProcessMemory의 일부 작업만을 마쳤습니다. (0x12B)
[0610/172042.908:ERROR:process_memory_win.cc(73)] ReadMemory at 0x289071b4460 of 124 bytes failed: ReadProcessMemory 또는 WriteProcessMemory의 일부 작업만을 마쳤습니다. (0x12B)
[0610/172042.908:ERROR:process_memory_win.cc(73)] ReadMemory at 0x289071b4840 of 132 bytes failed: ReadProcessMemory 또는 WriteProcessMemory의 일부 작업만을 마쳤습니다. (0x12B)
[0610/172042.908:ERROR:process_memory_win.cc(73)] ReadMemory at 0x289071b49d0 of 64 bytes failed: ReadProcessMemory 또는 WriteProcessMemory의 일부 작업만을 마쳤습니다. (0x12B)
[0610/172042.908:ERROR:process_memory_win.cc(73)] ReadMemory at 0x289071b4a20 of 132 bytes failed: ReadProcessMemory 또는 WriteProcessMemory의 일부 작업만을 마쳤습니다. (0x12B)
[0610/172042.908:ERROR:process_memory_win.cc(73)] ReadMemory at 0x289071b4b90 of 132 bytes failed: ReadProcessMemory 또는 WriteProcessMemory의 일부 작업만을 마쳤습니다. (0x12B)
[0610/172042.908:ERROR:process_memory_win.cc(73)] ReadMemory at 0x289071b4e30 of 132 bytes failed: ReadProcessMemory 또는 WriteProcessMemory의 일부 작업만을 마쳤습니다. (0x12B)
[0610/172042.908:ERROR:process_memory_win.cc(73)] ReadMemory at 0x289071b4fd0 of 68 bytes failed: ReadProcessMemory 또는 WriteProcessMemory의 일부 작업만을 마쳤습니다. (0x12B)
[0610/172042.908:ERROR:process_memory_win.cc(73)] ReadMemory at 0x289071b5fd0 of 144 bytes failed: ReadProcessMemory 또는 WriteProcessMemory의 일부 작업만을 마쳤습니다. (0x12B)
[0610/172042.908:ERROR:process_memory_win.cc(73)] ReadMemory at 0x289071b60b0 of 132 bytes failed: ReadProcessMemory 또는 WriteProcessMemory의 일부 작업만을 마쳤습니다. (0x12B)
[0610/172042.908:ERROR:process_memory_win.cc(73)] ReadMemory at 0x289071b61e0 of 152 bytes failed: ReadProcessMemory 또는 WriteProcessMemory의 일부 작업만을 마쳤습니다. (0x12B)
[0610/172042.908:ERROR:process_memory_win.cc(73)] ReadMemory at 0x289071b6fc0 of 62 bytes failed: ReadProcessMemory 또는 WriteProcessMemory의 일부 작업만을 마쳤습니다. (0x12B)
[0610/172042.909:ERROR:process_memory_win.cc(73)] ReadMemory at 0x289071b71b0 of 132 bytes failed: ReadProcessMemory 또는 WriteProcessMemory의 일부 작업만을 마쳤습니다. (0x12B)
[0610/172042.909:ERROR:process_memory_win.cc(73)] ReadMemory at 0x289071b72e0 of 60 bytes failed: ReadProcessMemory 또는 WriteProcessMemory의 일부 작업만을 마쳤습니다. (0x12B)
[0610/172042.909:ERROR:process_memory_win.cc(73)] ReadMemory at 0x289071b7650 of 132 bytes failed: ReadProcessMemory 또는 WriteProcessMemory의 일부 작업만을 마쳤습니다. (0x12B)
[0610/172042.909:ERROR:process_memory_win.cc(73)] ReadMemory at 0x289071ba65a of 512 bytes failed: ReadProcessMemory 또는 WriteProcessMemory의 일부 작업만을 마쳤습니다. (0x12B)
[0610/172042.909:ERROR:process_memory_win.cc(73)] ReadMemory at 0x289071bbb70 of 80 bytes failed: ReadProcessMemory 또는 WriteProcessMemory의 일부 작업만을 마쳤습니다. (0x12B)
[0610/172042.909:ERROR:process_memory_win.cc(73)] ReadMemory at 0x289071bc6d0 of 132 bytes failed: ReadProcessMemory 또는 WriteProcessMemory의 일부 작업만을 마쳤습니다. (0x12B)
[0610/172042.909:ERROR:process_memory_win.cc(73)] ReadMemory at 0x289071bc950 of 132 bytes failed: ReadProcessMemory 또는 WriteProcessMemory의 일부 작업만을 마쳤습니다. (0x12B)
[0610/172042.909:ERROR:process_memory_win.cc(73)] ReadMemory at 0x289071bcc10 of 60 bytes failed: ReadProcessMemory 또는 WriteProcessMemory의 일부 작업만을 마쳤습니다. (0x12B)
[0610/172042.909:ERROR:process_memory_win.cc(73)] ReadMemory at 0x289071bce40 of 60 bytes failed: ReadProcessMemory 또는 WriteProcessMemory의 일부 작업만을 마쳤습니다. (0x12B)
[0610/172042.909:ERROR:process_memory_win.cc(73)] ReadMemory at 0x289071bcf30 of 66 bytes failed: ReadProcessMemory 또는 WriteProcessMemory의 일부 작업만을 마쳤습니다. (0x12B)
[0610/172042.909:ERROR:process_memory_win.cc(73)] ReadMemory at 0x289071bcf80 of 62 bytes failed: ReadProcessMemory 또는 WriteProcessMemory의 일부 작업만을 마쳤습니다. (0x12B)
[0610/172042.909:ERROR:process_memory_win.cc(73)] ReadMemory at 0x289071bd070 of 64 bytes failed: ReadProcessMemory 또는 WriteProcessMemory의 일부 작업만을 마쳤습니다. (0x12B)
[0610/172042.909:ERROR:process_memory_win.cc(73)] ReadMemory at 0x289071bd110 of 64 bytes failed: ReadProcessMemory 또는 WriteProcessMemory의 일부 작업만을 마쳤습니다. (0x12B)
[0610/172042.909:ERROR:process_memory_win.cc(73)] ReadMemory at 0x289071bd160 of 64 bytes failed: ReadProcessMemory 또는 WriteProcessMemory의 일부 작업만을 마쳤습니다. (0x12B)
[0610/172042.909:ERROR:process_memory_win.cc(73)] ReadMemory at 0x289071bd250 of 64 bytes failed: ReadProcessMemory 또는 WriteProcessMemory의 일부 작업만을 마쳤습니다. (0x12B)
[0610/172042.909:ERROR:process_memory_win.cc(73)] ReadMemory at 0x289071bd2f0 of 62 bytes failed: ReadProcessMemory 또는 WriteProcessMemory의 일부 작업만을 마쳤습니다. (0x12B)
[0610/172042.909:ERROR:process_memory_win.cc(73)] ReadMemory at 0x289071bd3d0 of 76 bytes failed: ReadProcessMemory 또는 WriteProcessMemory의 일부 작업만을 마쳤습니다. (0x12B)
[0610/172042.909:ERROR:process_memory_win.cc(73)] ReadMemory at 0x289071be090 of 80 bytes failed: ReadProcessMemory 또는 WriteProcessMemory의 일부 작업만을 마쳤습니다. (0x12B)
[0610/172042.909:ERROR:process_memory_win.cc(73)] ReadMemory at 0x289071bf5a0 of 132 bytes failed: ReadProcessMemory 또는 WriteProcessMemory의 일부 작업만을 마쳤습니다. (0x12B)
[0610/172042.909:ERROR:process_memory_win.cc(73)] ReadMemory at 0x289071c0960 of 132 bytes failed: ReadProcessMemory 또는 WriteProcessMemory의 일부 작업만을 마쳤습니다. (0x12B)
[0610/172042.909:ERROR:process_memory_win.cc(73)] ReadMemory at 0x289071c0b80 of 132 bytes failed: ReadProcessMemory 또는 WriteProcessMemory의 일부 작업만을 마쳤습니다. (0x12B)
[0610/172042.909:ERROR:process_memory_win.cc(73)] ReadMemory at 0x289071c1ce0 of 54 bytes failed: ReadProcessMemory 또는 WriteProcessMemory의 일부 작업만을 마쳤습니다. (0x12B)
[0610/172042.909:ERROR:process_memory_win.cc(73)] ReadMemory at 0x289071c2ab0 of 132 bytes failed: ReadProcessMemory 또는 WriteProcessMemory의 일부 작업만을 마쳤습니다. (0x12B)
[0610/172042.909:ERROR:process_memory_win.cc(73)] ReadMemory at 0x289071c2e10 of 132 bytes failed: ReadProcessMemory 또는 WriteProcessMemory의 일부 작업만을 마쳤습니다. (0x12B)
[0610/172042.909:ERROR:process_memory_win.cc(73)] ReadMemory at 0x289071c3020 of 132 bytes failed: ReadProcessMemory 또는 WriteProcessMemory의 일부 작업만을 마쳤습니다. (0x12B)
[0610/172042.909:ERROR:process_memory_win.cc(73)] ReadMemory at 0x289071c6590 of 132 bytes failed: ReadProcessMemory 또는 WriteProcessMemory의 일부 작업만을 마쳤습니다. (0x12B)
[0610/172042.910:ERROR:process_memory_win.cc(73)] ReadMemory at 0x289071c66c0 of 132 bytes failed: ReadProcessMemory 또는 WriteProcessMemory의 일부 작업만을 마쳤습니다. (0x12B)
[0610/172042.910:ERROR:process_memory_win.cc(73)] ReadMemory at 0x289071c67f0 of 132 bytes failed: ReadProcessMemory 또는 WriteProcessMemory의 일부 작업만을 마쳤습니다. (0x12B)
[0610/172042.910:ERROR:process_memory_win.cc(73)] ReadMemory at 0x289071c6a50 of 132 bytes failed: ReadProcessMemory 또는 WriteProcessMemory의 일부 작업만을 마쳤습니다. (0x12B)
[0610/172042.910:ERROR:process_memory_win.cc(73)] ReadMemory at 0x289071c6b80 of 132 bytes failed: ReadProcessMemory 또는 WriteProcessMemory의 일부 작업만을 마쳤습니다. (0x12B)
[0610/172042.910:ERROR:process_memory_win.cc(73)] ReadMemory at 0x289071c6cb0 of 132 bytes failed: ReadProcessMemory 또는 WriteProcessMemory의 일부 작업만을 마쳤습니다. (0x12B)
[0610/172042.910:ERROR:process_memory_win.cc(73)] ReadMemory at 0x289071c6de0 of 132 bytes failed: ReadProcessMemory 또는 WriteProcessMemory의 일부 작업만을 마쳤습니다. (0x12B)
[0610/172042.910:ERROR:process_memory_win.cc(73)] ReadMemory at 0x289071c6f10 of 132 bytes failed: ReadProcessMemory 또는 WriteProcessMemory의 일부 작업만을 마쳤습니다. (0x12B)
[0610/172042.910:ERROR:process_memory_win.cc(73)] ReadMemory at 0x289071c7040 of 132 bytes failed: ReadProcessMemory 또는 WriteProcessMemory의 일부 작업만을 마쳤습니다. (0x12B)
[0610/172042.910:ERROR:process_memory_win.cc(73)] ReadMemory at 0x289071c7170 of 132 bytes failed: ReadProcessMemory 또는 WriteProcessMemory의 일부 작업만을 마쳤습니다. (0x12B)
[0610/172042.910:ERROR:process_memory_win.cc(73)] ReadMemory at 0x289071c72a0 of 132 bytes failed: ReadProcessMemory 또는 WriteProcessMemory의 일부 작업만을 마쳤습니다. (0x12B)
[0610/172042.910:ERROR:process_memory_win.cc(73)] ReadMemory at 0x289071c73d0 of 132 bytes failed: ReadProcessMemory 또는 WriteProcessMemory의 일부 작업만을 마쳤습니다. (0x12B)
[0610/172042.910:ERROR:process_memory_win.cc(73)] ReadMemory at 0x289071c76e0 of 60 bytes failed: ReadProcessMemory 또는 WriteProcessMemory의 일부 작업만을 마쳤습니다. (0x12B)
[0610/172042.910:ERROR:process_memory_win.cc(73)] ReadMemory at 0x289071c77d0 of 66 bytes failed: ReadProcessMemory 또는 WriteProcessMemory의 일부 작업만을 마쳤습니다. (0x12B)
[0610/172042.910:ERROR:process_memory_win.cc(73)] ReadMemory at 0x289071c7a00 of 64 bytes failed: ReadProcessMemory 또는 WriteProcessMemory의 일부 작업만을 마쳤습니다. (0x12B)
[0610/172042.910:ERROR:process_memory_win.cc(73)] ReadMemory at 0x289071c7a50 of 62 bytes failed: ReadProcessMemory 또는 WriteProcessMemory의 일부 작업만을 마쳤습니다. (0x12B)
[0610/172042.910:ERROR:process_memory_win.cc(73)] ReadMemory at 0x289071c7aa0 of 60 bytes failed: ReadProcessMemory 또는 WriteProcessMemory의 일부 작업만을 마쳤습니다. (0x12B)
[0610/172042.910:ERROR:process_memory_win.cc(73)] ReadMemory at 0x289071c7c30 of 60 bytes failed: ReadProcessMemory 또는 WriteProcessMemory의 일부 작업만을 마쳤습니다. (0x12B)
[0610/172042.910:ERROR:process_memory_win.cc(73)] ReadMemory at 0x289071c7c80 of 62 bytes failed: ReadProcessMemory 또는 WriteProcessMemory의 일부 작업만을 마쳤습니다. (0x12B)
[0610/172042.910:ERROR:process_memory_win.cc(73)] ReadMemory at 0x289071c7cd0 of 62 bytes failed: ReadProcessMemory 또는 WriteProcessMemory의 일부 작업만을 마쳤습니다. (0x12B)
[0610/172042.911:ERROR:process_memory_win.cc(73)] ReadMemory at 0x289071c7d70 of 58 bytes failed: ReadProcessMemory 또는 WriteProcessMemory의 일부 작업만을 마쳤습니다. (0x12B)
[0610/172042.911:ERROR:process_memory_win.cc(73)] ReadMemory at 0x289071c7eb0 of 60 bytes failed: ReadProcessMemory 또는 WriteProcessMemory의 일부 작업만을 마쳤습니다. (0x12B)
[0610/172042.911:ERROR:process_memory_win.cc(73)] ReadMemory at 0x289071c7f50 of 62 bytes failed: ReadProcessMemory 또는 WriteProcessMemory의 일부 작업만을 마쳤습니다. (0x12B)
[0610/172042.911:ERROR:process_memory_win.cc(73)] ReadMemory at 0x289071c7fa0 of 62 bytes failed: ReadProcessMemory 또는 WriteProcessMemory의 일부 작업만을 마쳤습니다. (0x12B)
[0610/172042.911:ERROR:process_memory_win.cc(73)] ReadMemory at 0x289071c8040 of 64 bytes failed: ReadProcessMemory 또는 WriteProcessMemory의 일부 작업만을 마쳤습니다. (0x12B)
[0610/172042.911:ERROR:process_memory_win.cc(73)] ReadMemory at 0x289071c80e0 of 64 bytes failed: ReadProcessMemory 또는 WriteProcessMemory의 일부 작업만을 마쳤습니다. (0x12B)
[0610/172042.911:ERROR:process_memory_win.cc(73)] ReadMemory at 0x289071c8180 of 62 bytes failed: ReadProcessMemory 또는 WriteProcessMemory의 일부 작업만을 마쳤습니다. (0x12B)
[0610/172042.911:ERROR:process_memory_win.cc(73)] ReadMemory at 0x289071c82c0 of 62 bytes failed: ReadProcessMemory 또는 WriteProcessMemory의 일부 작업만을 마쳤습니다. (0x12B)
[0610/172042.911:ERROR:process_memory_win.cc(73)] ReadMemory at 0x289071c8360 of 62 bytes failed: ReadProcessMemory 또는 WriteProcessMemory의 일부 작업만을 마쳤습니다. (0x12B)
[0610/172042.911:ERROR:process_memory_win.cc(73)] ReadMemory at 0x289071c83b0 of 64 bytes failed: ReadProcessMemory 또는 WriteProcessMemory의 일부 작업만을 마쳤습니다. (0x12B)
[0610/172042.911:ERROR:process_memory_win.cc(73)] ReadMemory at 0x289071c8cd0 of 132 bytes failed: ReadProcessMemory 또는 WriteProcessMemory의 일부 작업만을 마쳤습니다. (0x12B)
[0610/172042.911:ERROR:process_memory_win.cc(73)] ReadMemory at 0x289071c9190 of 132 bytes failed: ReadProcessMemory 또는 WriteProcessMemory의 일부 작업만을 마쳤습니다. (0x12B)
[0610/172042.911:ERROR:process_memory_win.cc(73)] ReadMemory at 0x289071c92c0 of 132 bytes failed: ReadProcessMemory 또는 WriteProcessMemory의 일부 작업만을 마쳤습니다. (0x12B)
[0610/172042.911:ERROR:process_memory_win.cc(73)] ReadMemory at 0x289071c93f0 of 132 bytes failed: ReadProcessMemory 또는 WriteProcessMemory의 일부 작업만을 마쳤습니다. (0x12B)
[0610/172042.911:ERROR:process_memory_win.cc(73)] ReadMemory at 0x289071c9520 of 132 bytes failed: ReadProcessMemory 또는 WriteProcessMemory의 일부 작업만을 마쳤습니다. (0x12B)
[0610/172042.911:ERROR:process_memory_win.cc(73)] ReadMemory at 0x289071c9650 of 132 bytes failed: ReadProcessMemory 또는 WriteProcessMemory의 일부 작업만을 마쳤습니다. (0x12B)
[0610/172042.911:ERROR:process_memory_win.cc(73)] ReadMemory at 0x289071c9b10 of 132 bytes failed: ReadProcessMemory 또는 WriteProcessMemory의 일부 작업만을 마쳤습니다. (0x12B)
[0610/172042.911:ERROR:process_memory_win.cc(73)] ReadMemory at 0x289071c9c40 of 132 bytes failed: ReadProcessMemory 또는 WriteProcessMemory의 일부 작업만을 마쳤습니다. (0x12B)
[0610/172042.912:ERROR:process_memory_win.cc(73)] ReadMemory at 0x289071c9d70 of 132 bytes failed: ReadProcessMemory 또는 WriteProcessMemory의 일부 작업만을 마쳤습니다. (0x12B)
[0610/172042.912:ERROR:process_memory_win.cc(73)] ReadMemory at 0x289071ca100 of 132 bytes failed: ReadProcessMemory 또는 WriteProcessMemory의 일부 작업만을 마쳤습니다. (0x12B)
[0610/172042.912:ERROR:process_memory_win.cc(73)] ReadMemory at 0x289071dedc0 of 512 bytes failed: ReadProcessMemory 또는 WriteProcessMemory의 일부 작업만을 마쳤습니다. (0x12B)
[0610/172042.912:ERROR:process_memory_win.cc(73)] ReadMemory at 0x289071dfb70 of 512 bytes failed: ReadProcessMemory 또는 WriteProcessMemory의 일부 작업만을 마쳤습니다. (0x12B)
[0610/172042.912:ERROR:process_memory_win.cc(73)] ReadMemory at 0x289071e4e40 of 512 bytes failed: ReadProcessMemory 또는 WriteProcessMemory의 일부 작업만을 마쳤습니다. (0x12B)
[0610/172042.912:ERROR:process_memory_win.cc(73)] ReadMemory at 0x28907491cc0 of 512 bytes failed: ReadProcessMemory 또는 WriteProcessMemory의 일부 작업만을 마쳤습니다. (0x12B)
[0610/172042.912:ERROR:process_memory_win.cc(73)] ReadMemory at 0x28907492bc0 of 512 bytes failed: ReadProcessMemory 또는 WriteProcessMemory의 일부 작업만을 마쳤습니다. (0x12B)
[0610/172042.912:ERROR:process_memory_win.cc(73)] ReadMemory at 0x289078e0000 of 384 bytes failed: ReadProcessMemory 또는 WriteProcessMemory의 일부 작업만을 마쳤습니다. (0x12B)
[0610/172042.912:ERROR:process_memory_win.cc(73)] ReadMemory at 0x2890791ce80 of 512 bytes failed: ReadProcessMemory 또는 WriteProcessMemory의 일부 작업만을 마쳤습니다. (0x12B)
[0610/172042.912:ERROR:process_memory_win.cc(73)] ReadMemory at 0x28907921c81 of 512 bytes failed: ReadProcessMemory 또는 WriteProcessMemory의 일부 작업만을 마쳤습니다. (0x12B)
[0610/172042.912:ERROR:process_memory_win.cc(73)] ReadMemory at 0x289079232e0 of 512 bytes failed: ReadProcessMemory 또는 WriteProcessMemory의 일부 작업만을 마쳤습니다. (0x12B)
[0610/172042.912:ERROR:process_memory_win.cc(73)] ReadMemory at 0x2890792d310 of 712 bytes failed: ReadProcessMemory 또는 WriteProcessMemory의 일부 작업만을 마쳤습니다. (0x12B)
[0610/172042.912:ERROR:process_memory_win.cc(73)] ReadMemory at 0x28907937970 of 512 bytes failed: ReadProcessMemory 또는 WriteProcessMemory의 일부 작업만을 마쳤습니다. (0x12B)
[0610/172042.912:ERROR:process_memory_win.cc(73)] ReadMemory at 0x28907940040 of 512 bytes failed: ReadProcessMemory 또는 WriteProcessMemory의 일부 작업만을 마쳤습니다. (0x12B)
[0610/172042.912:ERROR:process_memory_win.cc(73)] ReadMemory at 0x28908f80000 of 384 bytes failed: ReadProcessMemory 또는 WriteProcessMemory의 일부 작업만을 마쳤습니다. (0x12B)
[0610/172042.912:ERROR:process_memory_win.cc(73)] ReadMemory at 0x28908f84cc0 of 512 bytes failed: ReadProcessMemory 또는 WriteProcessMemory의 일부 작업만을 마쳤습니다. (0x12B)
[0610/172042.912:ERROR:process_memory_win.cc(73)] ReadMemory at 0x289091485e0 of 512 bytes failed: ReadProcessMemory 또는 WriteProcessMemory의 일부 작업만을 마쳤습니다. (0x12B)
[0610/172042.912:ERROR:process_memory_win.cc(73)] ReadMemory at 0x5426e5688ca8 of 512 bytes failed: ReadProcessMemory 또는 WriteProcessMemory의 일부 작업만을 마쳤습니다. (0x12B)
[0610/172042.913:ERROR:process_memory_win.cc(73)] ReadMemory at 0x7ffd45b97674 of 512 bytes failed: ReadProcessMemory 또는 WriteProcessMemory의 일부 작업만을 마쳤습니다. (0x12B)
[0610/172042.913:ERROR:process_memory_win.cc(73)] ReadMemory at 0x7ffd47d3818c of 512 bytes failed: ReadProcessMemory 또는 WriteProcessMemory의 일부 작업만을 마쳤습니다. (0x12B)
[0610/172042.913:ERROR:process_memory_win.cc(73)] ReadMemory at 0x7ffd48c65d51 of 512 bytes failed: ReadProcessMemory 또는 WriteProcessMemory의 일부 작업만을 마쳤습니다. (0x12B)
[0610/172042.913:ERROR:process_memory_win.cc(73)] ReadMemory at 0x7ffd4ceb9568 of 512 bytes failed: ReadProcessMemory 또는 WriteProcessMemory의 일부 작업만을 마쳤습니다. (0x12B)
[0610/172042.913:ERROR:process_memory_win.cc(73)] ReadMemory at 0x7ffdca76c6e0 of 512 bytes failed: ReadProcessMemory 또는 WriteProcessMemory의 일부 작업만을 마쳤습니다. (0x12B)
[0610/172042.913:ERROR:process_memory_win.cc(73)] ReadMemory at 0x7ffdccc5c074 of 672 bytes failed: ReadProcessMemory 또는 WriteProcessMemory의 일부 작업만을 마쳤습니다. (0x12B)
[0610/172042.913:ERROR:process_memory_win.cc(73)] ReadMemory at 0x7ffdccc5c674 of 512 bytes failed: ReadProcessMemory 또는 WriteProcessMemory의 일부 작업만을 마쳤습니다. (0x12B)
[0610/172042.913:ERROR:process_memory_win.cc(73)] ReadMemory at 0x7ffdccc5f924 of 608 bytes failed: ReadProcessMemory 또는 WriteProcessMemory의 일부 작업만을 마쳤습니다. (0x12B)
[0610/172042.913:ERROR:process_memory_win.cc(73)] ReadMemory at 0x7ffdcccec428 of 18 bytes failed: ReadProcessMemory 또는 WriteProcessMemory의 일부 작업만을 마쳤습니다. (0x12B)
[0610/172042.913:ERROR:process_memory_win.cc(73)] ReadMemory at 0x7ffdccd1f4f8 of 40 bytes failed: ReadProcessMemory 또는 WriteProcessMemory의 일부 작업만을 마쳤습니다. (0x12B)
[0610/172042.913:ERROR:process_memory_win.cc(73)] ReadMemory at 0x7ffdccd1f978 of 48 bytes failed: ReadProcessMemory 또는 WriteProcessMemory의 일부 작업만을 마쳤습니다. (0x12B)
[0610/172042.913:ERROR:process_memory_win.cc(73)] ReadMemory at 0x7ffdccd253c0 of 64 bytes failed: ReadProcessMemory 또는 WriteProcessMemory의 일부 작업만을 마쳤습니다. (0x12B)
[0610/172042.914:ERROR:scoped_process_suspend.cc(40)] NtResumeProcess: 기존 프로세스에 액세스하려고 했습니다. (0xc000010a)
